#
# A fatal error has been detected by the Java Runtime Environment:
#
#  EXCEPTION_ACCESS_VIOLATION (0xc0000005) at pc=0x00007ffb095663b7, pid=18560, tid=4124
#
# JRE version: OpenJDK Runtime Environment (19.0+36) (build 19+36-2238)
# Java VM: OpenJDK 64-Bit Server VM (19+36-2238, mixed mode, sharing, tiered, compressed oops, compressed class ptrs, g1 gc, windows-amd64)
# Problematic frame:
# C  [glass.dll+0x263b7]
#
# No core dump will be written. Minidumps are not enabled by default on client versions of Windows
#
# If you would like to submit a bug report, please visit:
#   https://bugreport.java.com/bugreport/crash.jsp
#

---------------  S U M M A R Y ------------

Command Line: -javaagent:C:\Program Files\JetBrains\IntelliJ IDEA 2022.2.2\lib\idea_rt.jar=41482:C:\Program Files\JetBrains\IntelliJ IDEA 2022.2.2\bin -Dfile.encoding=UTF-8 -Dsun.stdout.encoding=UTF-8 -Dsun.stderr.encoding=UTF-8 --module-path=C:\Users\Home\.m2\repository\org\openjfx\javafx-fxml\19-ea+7\javafx-fxml-19-ea+7-win.jar;C:\Users\Home\.m2\repository\org\openjfx\javafx-base\19-ea+7\javafx-base-19-ea+7-win.jar;C:\Users\Home\.m2\repository\org\openjfx\javafx-controls\19-ea+7\javafx-controls-19-ea+7-win.jar;C:\Users\Home\.m2\repository\org\openjfx\javafx-graphics\19-ea+7\javafx-graphics-19-ea+7-win.jar;D:\5семестр\курсач\kursach\target\classes -Djdk.module.main=com.example.kursach com.example.kursach/com.example.kursach.client.StartClient

Host: Intel(R) Core(TM) i5-8250U CPU @ 1.60GHz, 8 cores, 5G,  Windows 10 , 64 bit Build 17763 (10.0.17763.3287)
Time: Thu Nov 10 23:35:00 2022 Беларусь (зима) elapsed time: 58.817970 seconds (0d 0h 0m 58s)

---------------  T H R E A D  ---------------

Current thread (0x0000027ac62e3f10):  VMThread "VM Thread" [stack: 0x000000dc7f600000,0x000000dc7f700000] [id=4124]

Stack: [0x000000dc7f600000,0x000000dc7f700000],  sp=0x000000dc7f6fece0,  free space=1019k
Native frames: (J=compiled Java code, j=interpreted, Vv=VM code, C=native code)
C  [glass.dll+0x263b7]


siginfo: EXCEPTION_ACCESS_VIOLATION (0xc0000005), reading address 0x0000000000000000


Registers:
RAX=0x0000000000000000, RBX=0x0000027ac62ebee0, RCX=0x0000027ac62e3f10, RDX=0x000000dc7f6fece0
RSP=0x000000dc7f6fece0, RBP=0x0000027acb81a8a8, RSI=0x0000027acb81a880, RDI=0x00005bee95e643cf
R8 =0x0000000000010002, R9 =0x00005bee95e643cf, R10=0x0000027aa6d00000, R11=0x000000dc7f6febe0
R12=0x00007ffb09563cf0, R13=0x00007ffaf39b72a0, R14=0x000000dc7f6fedd8, R15=0x0000027acb81a880
RIP=0x00007ffb095663b7, EFLAGS=0x0000000000010206


Register to memory mapping:

RIP=0x00007ffb095663b7 glass.dll
RAX=0x0 is NULL
RBX=0x0000027ac62ebee0 is a global jni handle
RCX=0x0000027ac62e3f10 points into unknown readable memory: 0x00007ffaf37c45d8 | d8 45 7c f3 fa 7f 00 00
RDX=0x000000dc7f6fece0 points into unknown readable memory: 0x0000000000000000 | 00 00 00 00 00 00 00 00
RSP=0x000000dc7f6fece0 points into unknown readable memory: 0x0000000000000000 | 00 00 00 00 00 00 00 00
RBP=0x0000027acb81a8a8 points into unknown readable memory: 0x00005bee95e643cf | cf 43 e6 95 ee 5b 00 00
RSI=0x0000027acb81a880 points into unknown readable memory: 0x3ffddf4589e243cf | cf 43 e2 89 45 df fd 3f
RDI=0x00005bee95e643cf is an unknown value
R8 =0x0000000000010002 is an unknown value
R9 =0x00005bee95e643cf is an unknown value
R10=0x0000027aa6d00000 points into unknown readable memory: 0x0000000000000000 | 00 00 00 00 00 00 00 00
R11=0x000000dc7f6febe0 points into unknown readable memory: 0x0000027acb0a9da0 | a0 9d 0a cb 7a 02 00 00
R12=0x00007ffb09563cf0 glass.dll
R13=0x00007ffaf39b72a0 jvm.dll
R14=0x000000dc7f6fedd8 points into unknown readable memory: 0x000000dc7f6fedc0 | c0 ed 6f 7f dc 00 00 00
R15=0x0000027acb81a880 points into unknown readable memory: 0x3ffddf4589e243cf | cf 43 e2 89 45 df fd 3f


Top of Stack: (sp=0x000000dc7f6fece0)
0x000000dc7f6fece0:   0000000000000000 0000027a00000000
0x000000dc7f6fecf0:   0000027acb81a880 00007ffb095771a0
0x000000dc7f6fed00:   0000027acb81a888 00007ffb4c651cf6
0x000000dc7f6fed10:   00005bee95e643cf 0000027a00000000
0x000000dc7f6fed20:   0000000000000001 00007ffb4c64f114
0x000000dc7f6fed30:   fffffffffffffffe 0000000000000001
0x000000dc7f6fed40:   0000000000000001 00007ffb09540000
0x000000dc7f6fed50:   000000dc7f6fedc8 00007ffb4c651c1b
0x000000dc7f6fed60:   0000000000000000 000000dc7f6fedd8
0x000000dc7f6fed70:   000000dc7f6ff0a0 00007ffb4c72c130
0x000000dc7f6fed80:   0000000000000001 00007ffb4c651bd4
0x000000dc7f6fed90:   0000000000000000 0000000000000001
0x000000dc7f6feda0:   00007ffb00000001 000000dc7f6fedc8
0x000000dc7f6fedb0:   0000000000000006 00007ffb09563b7d
0x000000dc7f6fedc0:   00007ffb09579f88 00007ffb00000002
0x000000dc7f6fedd0:   0000000000000002 000000dc7f6fedc0 

Instructions: (pc=0x00007ffb095663b7)
0x00007ffb095662b7:   8b 4d 58 e8 7d cf ff ff 48 8b 4d 60 e8 74 cf ff
0x00007ffb095662c7:   ff 48 8b 95 80 00 00 00 48 8b 8d 18 01 00 00 e8
0x00007ffb095662d7:   66 c4 ff ff 33 d2 33 c9 e8 bc e1 ff ff 90 48 89
0x00007ffb095662e7:   54 24 10 55 48 83 ec 20 48 8b ea 48 b8 00 00 00
0x00007ffb095662f7:   00 00 00 00 00 48 83 c4 20 5d c3 cc 40 55 48 8b
0x00007ffb09566307:   ea 48 8b 01 33 c9 81 38 05 00 00 c0 0f 94 c1 8b
0x00007ffb09566317:   c1 5d c3 cc 40 55 48 83 ec 20 48 8b ea 8a 4d 40
0x00007ffb09566327:   48 83 c4 20 5d e9 63 d3 ff ff cc 40 55 48 83 ec
0x00007ffb09566337:   20 48 8b ea 8a 4d 20 e8 51 d3 ff ff 90 48 83 c4
0x00007ffb09566347:   20 5d c3 cc 40 55 48 83 ec 20 48 8b ea 48 83 c4
0x00007ffb09566357:   20 5d e9 b2 d1 ff ff cc 40 55 48 83 ec 30 48 8b
0x00007ffb09566367:   ea 48 8b 01 8b 10 48 89 4c 24 28 89 54 24 20 4c
0x00007ffb09566377:   8d 0d 53 d6 ff ff 4c 8b 45 70 8b 55 68 48 8b 4d
0x00007ffb09566387:   60 e8 f3 d0 ff ff 90 48 83 c4 30 5d c3 cc cc cc
0x00007ffb09566397:   cc cc cc cc cc cc cc cc cc 40 53 48 83 ec 20 48
0x00007ffb095663a7:   8b 1d db 35 01 00 48 85 db 74 16 e8 79 8b ff ff
0x00007ffb095663b7:   4c 8b 00 48 8b d3 48 8b c8 41 ff 90 b0 00 00 00
0x00007ffb095663c7:   90 48 83 c4 20 5b c3 cc cc 40 53 48 83 ec 20 48
0x00007ffb095663d7:   8b 1d 4b 37 01 00 48 85 db 74 57 b8 ff ff ff ff
0x00007ffb095663e7:   f0 0f c1 43 10 83 f8 01 75 3d 48 85 db 74 38 48
0x00007ffb095663f7:   8b 0b 48 85 c9 74 0d ff 15 a4 0e 00 00 48 c7 03
0x00007ffb09566407:   00 00 00 00 48 8b 4b 08 48 85 c9 74 0d e8 23 ce
0x00007ffb09566417:   ff ff 48 c7 43 08 00 00 00 00 ba 18 00 00 00 48
0x00007ffb09566427:   8b cb e8 0e ce ff ff 48 c7 05 ef 36 01 00 00 00
0x00007ffb09566437:   00 00 48 83 c4 20 5b c3 cc 40 53 48 83 ec 20 48
0x00007ffb09566447:   8b 1d bb 36 01 00 48 85 db 74 57 b8 ff ff ff ff
0x00007ffb09566457:   f0 0f c1 43 10 83 f8 01 75 3d 48 85 db 74 38 48
0x00007ffb09566467:   8b 0b 48 85 c9 74 0d ff 15 34 0e 00 00 48 c7 03
0x00007ffb09566477:   00 00 00 00 48 8b 4b 08 48 85 c9 74 0d e8 b3 cd
0x00007ffb09566487:   ff ff 48 c7 43 08 00 00 00 00 ba 18 00 00 00 48
0x00007ffb09566497:   8b cb e8 9e cd ff ff 48 c7 05 5f 36 01 00 00 00
0x00007ffb095664a7:   00 00 48 83 c4 20 5b c3 cc 40 53 48 83 ec 20 48 


Stack slot to memory mapping:
stack at sp + 0 slots: 0x0 is NULL
stack at sp + 1 slots: 0x0000027a00000000 is an unknown value
stack at sp + 2 slots: 0x0000027acb81a880 points into unknown readable memory: 0x3ffddf4589e243cf | cf 43 e2 89 45 df fd 3f
stack at sp + 3 slots: 0x00007ffb095771a0 glass.dll
stack at sp + 4 slots: 0x0000027acb81a888 points into unknown readable memory: 0x00005bee95e643cf | cf 43 e6 95 ee 5b 00 00
stack at sp + 5 slots: 0x00007ffb4c651cf6 ucrtbase.dll
stack at sp + 6 slots: 0x00005bee95e643cf is an unknown value
stack at sp + 7 slots: 0x0000027a00000000 is an unknown value

VM_Operation (0x000000dc018ff310): Exit, mode: safepoint, requested by thread 0x0000027acb365d60


---------------  P R O C E S S  ---------------

Threads class SMR info:
_java_thread_list=0x0000027acbba4a60, length=20, elements={
0x0000027aa6e91bf0, 0x0000027ac63012c0, 0x0000027ac63020b0, 0x0000027ac6308f10,
0x0000027ac630c510, 0x0000027ac63101c0, 0x0000027ac6316740, 0x0000027ac631a450,
0x0000027ac6312440, 0x0000027ac6312990, 0x0000027ac6312ee0, 0x0000027ac6313430,
0x0000027ac6313980, 0x0000027acb36b260, 0x0000027acb366800, 0x0000027acb36a270,
0x0000027acb366d50, 0x0000027acb3662b0, 0x0000027acb3687e0, 0x0000027acb365d60
}

Java Threads: ( => current thread )
  0x0000027aa6e91bf0 JavaThread "main" [_thread_blocked, id=10204, stack(0x000000dc7f000000,0x000000dc7f100000)]
  0x0000027ac63012c0 JavaThread "Reference Handler" daemon [_thread_blocked, id=17608, stack(0x000000dc7f700000,0x000000dc7f800000)]
  0x0000027ac63020b0 JavaThread "Finalizer" daemon [_thread_blocked, id=2340, stack(0x000000dc7f800000,0x000000dc7f900000)]
  0x0000027ac6308f10 JavaThread "Attach Listener" daemon [_thread_blocked, id=13256, stack(0x000000dc7fa00000,0x000000dc7fb00000)]
  0x0000027ac630c510 JavaThread "Service Thread" daemon [_thread_blocked, id=8564, stack(0x000000dc7fb00000,0x000000dc7fc00000)]
  0x0000027ac63101c0 JavaThread "Monitor Deflation Thread" daemon [_thread_blocked, id=16420, stack(0x000000dc7fc00000,0x000000dc7fd00000)]
  0x0000027ac6316740 JavaThread "C2 CompilerThread0" daemon [_thread_blocked, id=1308, stack(0x000000dc7fd00000,0x000000dc7fe00000)]
  0x0000027ac631a450 JavaThread "C1 CompilerThread0" daemon [_thread_blocked, id=7212, stack(0x000000dc7fe00000,0x000000dc7ff00000)]
  0x0000027ac6312440 JavaThread "Sweeper thread" daemon [_thread_blocked, id=1496, stack(0x000000dc7ff00000,0x000000dc80000000)]
  0x0000027ac6312990 JavaThread "Common-Cleaner" daemon [_thread_blocked, id=19292, stack(0x000000dc00000000,0x000000dc00100000)]
  0x0000027ac6312ee0 JavaThread "Monitor Ctrl-Break" daemon [_thread_in_native, id=18648, stack(0x000000dc00300000,0x000000dc00400000)]
  0x0000027ac6313430 JavaThread "Notification Thread" daemon [_thread_blocked, id=5752, stack(0x000000dc00400000,0x000000dc00500000)]
  0x0000027ac6313980 JavaThread "QuantumRenderer-0" daemon [_thread_blocked, id=18780, stack(0x000000dc00600000,0x000000dc00700000)]
  0x0000027acb36b260 JavaThread "InvokeLaterDispatcher" daemon [_thread_blocked, id=9296, stack(0x000000dc00700000,0x000000dc00800000)]
  0x0000027acb366800 JavaThread "JavaFX Application Thread" [_thread_in_native, id=9900, stack(0x000000dc00800000,0x000000dc00900000)]
  0x0000027acb36a270 JavaThread "Thread-1" daemon [_thread_in_native, id=15664, stack(0x000000dc00200000,0x000000dc00300000)]
  0x0000027acb366d50 JavaThread "JavaFX-Launcher" [_thread_blocked, id=984, stack(0x000000dc00c00000,0x000000dc00d00000)]
  0x0000027acb3662b0 JavaThread "Prism Font Disposer" daemon [_thread_blocked, id=12204, stack(0x000000dc01600000,0x000000dc01700000)]
  0x0000027acb3687e0 JavaThread "Cleaner-0" daemon [_thread_blocked, id=2264, stack(0x000000dc01700000,0x000000dc01800000)]
  0x0000027acb365d60 JavaThread "SIGINT handler" daemon [_thread_blocked, id=12356, stack(0x000000dc01800000,0x000000dc01900000)]

Other Threads:
=>0x0000027ac62e3f10 VMThread "VM Thread" [stack: 0x000000dc7f600000,0x000000dc7f700000] [id=4124]
  0x0000027aa6ee1760 WorkerThread "GC Thread#0" [stack: 0x000000dc7f100000,0x000000dc7f200000] [id=11032]
  0x0000027acb883f50 WorkerThread "GC Thread#1" [stack: 0x000000dc00d00000,0x000000dc00e00000] [id=19004]
  0x0000027acb884220 WorkerThread "GC Thread#2" [stack: 0x000000dc00e00000,0x000000dc00f00000] [id=12740]
  0x0000027acb8844f0 WorkerThread "GC Thread#3" [stack: 0x000000dc00f00000,0x000000dc01000000] [id=6812]
  0x0000027acb8847c0 WorkerThread "GC Thread#4" [stack: 0x000000dc01000000,0x000000dc01100000] [id=5060]
  0x0000027acb883c80 WorkerThread "GC Thread#5" [stack: 0x000000dc01100000,0x000000dc01200000] [id=13812]
  0x0000027acb8971d0 WorkerThread "GC Thread#6" [stack: 0x000000dc00100000,0x000000dc00200000] [id=6488]
  0x0000027acb8982b0 WorkerThread "GC Thread#7" [stack: 0x000000dc01200000,0x000000dc01300000] [id=13248]
  0x0000027aa6eef220 ConcurrentGCThread "G1 Main Marker" terminated
  0x0000027aa6ef18d0 WorkerThread "G1 Conc#0" [stack: 0x000000dc7f300000,0x000000dc7f400000] [id=12580]
  0x0000027ac61a20b0 ConcurrentGCThread "G1 Refine#0" terminated
  0x0000027ac61a2b00 ConcurrentGCThread "G1 Service" terminated

Threads with active compile tasks:

VM state: at safepoint (shutting down)

VM Mutex/Monitor currently owned by a thread:  ([mutex/lock_event])
[0x0000027aa6d21d90] Threads_lock - owner thread: 0x0000027ac62e3f10
[0x0000027aa6d216d0] Heap_lock - owner thread: 0x0000027acb365d60

Heap address: 0x00000000a1e00000, size: 1506 MB, Compressed Oops mode: 32-bit

CDS archive(s) mapped at: [0x0000000800000000-0x0000000800c40000-0x0000000800c40000), size 12845056, SharedBaseAddress: 0x0000000800000000, ArchiveRelocationMode: 0.
Compressed class space mapped at: 0x0000000801000000-0x0000000841000000, reserved size: 1073741824
Narrow klass base: 0x0000000800000000, Narrow klass shift: 0, Narrow klass range: 0x100000000

GC Precious Log:
 CardTable entry size: 512
 Card Set container configuration: InlinePtr #cards 5 size 8 Array Of Cards #cards 12 size 40 Howl #buckets 4 coarsen threshold 1843 Howl Bitmap #cards 512 size 80 coarsen threshold 460 Card regions per heap region 1 cards per card region 2048
 CPUs: 8 total, 8 available
 Memory: 6022M
 Large Page Support: Disabled
 NUMA Support: Disabled
 Compressed Oops: Enabled (32-bit)
 Heap Region Size: 1M
 Heap Min Capacity: 8M
 Heap Initial Capacity: 96M
 Heap Max Capacity: 1506M
 Pre-touch: Disabled
 Parallel Workers: 8
 Concurrent Workers: 2
 Concurrent Refinement Workers: 8
 Periodic GC: Disabled

Heap:
 garbage-first heap   total 98304K, used 19176K [0x00000000a1e00000, 0x0000000100000000)
  region size 1024K, 15 young (15360K), 5 survivors (5120K)
 Metaspace       used 16242K, committed 16576K, reserved 1114112K
  class space    used 2122K, committed 2304K, reserved 1048576K

Heap Regions: E=young(eden), S=young(survivor), O=old, HS=humongous(starts), HC=humongous(continues), CS=collection set, F=free, OA=open archive, CA=closed archive, TAMS=top-at-mark-start (previous, next)
|   0|0x00000000a1e00000, 0x00000000a1f00000, 0x00000000a1f00000|100%| O|  |TAMS 0x00000000a1e00000, 0x00000000a1e00000| Untracked 
|   1|0x00000000a1f00000, 0x00000000a2000000, 0x00000000a2000000|100%|HS|  |TAMS 0x00000000a1f00000, 0x00000000a1f00000| Complete 
|   2|0x00000000a2000000, 0x00000000a2100000, 0x00000000a2100000|100%|HC|  |TAMS 0x00000000a2000000, 0x00000000a2000000| Complete 
|   3|0x00000000a2100000, 0x00000000a2200000, 0x00000000a2200000|100%| O|  |TAMS 0x00000000a2100000, 0x00000000a2100000| Untracked 
|   4|0x00000000a2200000, 0x00000000a2300000, 0x00000000a2300000|100%| O|  |TAMS 0x00000000a2200000, 0x00000000a2200000| Untracked 
|   5|0x00000000a2300000, 0x00000000a2316e00, 0x00000000a2400000|  8%| O|  |TAMS 0x00000000a2300000, 0x00000000a2300000| Untracked 
|   6|0x00000000a2400000, 0x00000000a2400000, 0x00000000a2500000|  0%| F|  |TAMS 0x00000000a2400000, 0x00000000a2400000| Untracked 
|   7|0x00000000a2500000, 0x00000000a2500000, 0x00000000a2600000|  0%| F|  |TAMS 0x00000000a2500000, 0x00000000a2500000| Untracked 
|   8|0x00000000a2600000, 0x00000000a2600000, 0x00000000a2700000|  0%| F|  |TAMS 0x00000000a2600000, 0x00000000a2600000| Untracked 
|   9|0x00000000a2700000, 0x00000000a2700000, 0x00000000a2800000|  0%| F|  |TAMS 0x00000000a2700000, 0x00000000a2700000| Untracked 
|  10|0x00000000a2800000, 0x00000000a2800000, 0x00000000a2900000|  0%| F|  |TAMS 0x00000000a2800000, 0x00000000a2800000| Untracked 
|  11|0x00000000a2900000, 0x00000000a2900000, 0x00000000a2a00000|  0%| F|  |TAMS 0x00000000a2900000, 0x00000000a2900000| Untracked 
|  12|0x00000000a2a00000, 0x00000000a2a00000, 0x00000000a2b00000|  0%| F|  |TAMS 0x00000000a2a00000, 0x00000000a2a00000| Untracked 
|  13|0x00000000a2b00000, 0x00000000a2b00000, 0x00000000a2c00000|  0%| F|  |TAMS 0x00000000a2b00000, 0x00000000a2b00000| Untracked 
|  14|0x00000000a2c00000, 0x00000000a2c00000, 0x00000000a2d00000|  0%| F|  |TAMS 0x00000000a2c00000, 0x00000000a2c00000| Untracked 
|  15|0x00000000a2d00000, 0x00000000a2d00000, 0x00000000a2e00000|  0%| F|  |TAMS 0x00000000a2d00000, 0x00000000a2d00000| Untracked 
|  16|0x00000000a2e00000, 0x00000000a2e00000, 0x00000000a2f00000|  0%| F|  |TAMS 0x00000000a2e00000, 0x00000000a2e00000| Untracked 
|  17|0x00000000a2f00000, 0x00000000a2f00000, 0x00000000a3000000|  0%| F|  |TAMS 0x00000000a2f00000, 0x00000000a2f00000| Untracked 
|  18|0x00000000a3000000, 0x00000000a3000000, 0x00000000a3100000|  0%| F|  |TAMS 0x00000000a3000000, 0x00000000a3000000| Untracked 
|  19|0x00000000a3100000, 0x00000000a3100000, 0x00000000a3200000|  0%| F|  |TAMS 0x00000000a3100000, 0x00000000a3100000| Untracked 
|  20|0x00000000a3200000, 0x00000000a3200000, 0x00000000a3300000|  0%| F|  |TAMS 0x00000000a3200000, 0x00000000a3200000| Untracked 
|  21|0x00000000a3300000, 0x00000000a3300000, 0x00000000a3400000|  0%| F|  |TAMS 0x00000000a3300000, 0x00000000a3300000| Untracked 
|  22|0x00000000a3400000, 0x00000000a3400000, 0x00000000a3500000|  0%| F|  |TAMS 0x00000000a3400000, 0x00000000a3400000| Untracked 
|  23|0x00000000a3500000, 0x00000000a3500000, 0x00000000a3600000|  0%| F|  |TAMS 0x00000000a3500000, 0x00000000a3500000| Untracked 
|  24|0x00000000a3600000, 0x00000000a3600000, 0x00000000a3700000|  0%| F|  |TAMS 0x00000000a3600000, 0x00000000a3600000| Untracked 
|  25|0x00000000a3700000, 0x00000000a3700000, 0x00000000a3800000|  0%| F|  |TAMS 0x00000000a3700000, 0x00000000a3700000| Untracked 
|  26|0x00000000a3800000, 0x00000000a3800000, 0x00000000a3900000|  0%| F|  |TAMS 0x00000000a3800000, 0x00000000a3800000| Untracked 
|  27|0x00000000a3900000, 0x00000000a3900000, 0x00000000a3a00000|  0%| F|  |TAMS 0x00000000a3900000, 0x00000000a3900000| Untracked 
|  28|0x00000000a3a00000, 0x00000000a3a00000, 0x00000000a3b00000|  0%| F|  |TAMS 0x00000000a3a00000, 0x00000000a3a00000| Untracked 
|  29|0x00000000a3b00000, 0x00000000a3b00000, 0x00000000a3c00000|  0%| F|  |TAMS 0x00000000a3b00000, 0x00000000a3b00000| Untracked 
|  30|0x00000000a3c00000, 0x00000000a3c00000, 0x00000000a3d00000|  0%| F|  |TAMS 0x00000000a3c00000, 0x00000000a3c00000| Untracked 
|  31|0x00000000a3d00000, 0x00000000a3d00000, 0x00000000a3e00000|  0%| F|  |TAMS 0x00000000a3d00000, 0x00000000a3d00000| Untracked 
|  32|0x00000000a3e00000, 0x00000000a3e00000, 0x00000000a3f00000|  0%| F|  |TAMS 0x00000000a3e00000, 0x00000000a3e00000| Untracked 
|  33|0x00000000a3f00000, 0x00000000a3f00000, 0x00000000a4000000|  0%| F|  |TAMS 0x00000000a3f00000, 0x00000000a3f00000| Untracked 
|  34|0x00000000a4000000, 0x00000000a4000000, 0x00000000a4100000|  0%| F|  |TAMS 0x00000000a4000000, 0x00000000a4000000| Untracked 
|  35|0x00000000a4100000, 0x00000000a4100000, 0x00000000a4200000|  0%| F|  |TAMS 0x00000000a4100000, 0x00000000a4100000| Untracked 
|  36|0x00000000a4200000, 0x00000000a4200000, 0x00000000a4300000|  0%| F|  |TAMS 0x00000000a4200000, 0x00000000a4200000| Untracked 
|  37|0x00000000a4300000, 0x00000000a4300000, 0x00000000a4400000|  0%| F|  |TAMS 0x00000000a4300000, 0x00000000a4300000| Untracked 
|  38|0x00000000a4400000, 0x00000000a4400000, 0x00000000a4500000|  0%| F|  |TAMS 0x00000000a4400000, 0x00000000a4400000| Untracked 
|  39|0x00000000a4500000, 0x00000000a4500000, 0x00000000a4600000|  0%| F|  |TAMS 0x00000000a4500000, 0x00000000a4500000| Untracked 
|  40|0x00000000a4600000, 0x00000000a4600000, 0x00000000a4700000|  0%| F|  |TAMS 0x00000000a4600000, 0x00000000a4600000| Untracked 
|  41|0x00000000a4700000, 0x00000000a4700000, 0x00000000a4800000|  0%| F|  |TAMS 0x00000000a4700000, 0x00000000a4700000| Untracked 
|  42|0x00000000a4800000, 0x00000000a4800000, 0x00000000a4900000|  0%| F|  |TAMS 0x00000000a4800000, 0x00000000a4800000| Untracked 
|  43|0x00000000a4900000, 0x00000000a4900000, 0x00000000a4a00000|  0%| F|  |TAMS 0x00000000a4900000, 0x00000000a4900000| Untracked 
|  44|0x00000000a4a00000, 0x00000000a4a00000, 0x00000000a4b00000|  0%| F|  |TAMS 0x00000000a4a00000, 0x00000000a4a00000| Untracked 
|  45|0x00000000a4b00000, 0x00000000a4b00000, 0x00000000a4c00000|  0%| F|  |TAMS 0x00000000a4b00000, 0x00000000a4b00000| Untracked 
|  46|0x00000000a4c00000, 0x00000000a4c00000, 0x00000000a4d00000|  0%| F|  |TAMS 0x00000000a4c00000, 0x00000000a4c00000| Untracked 
|  47|0x00000000a4d00000, 0x00000000a4d00000, 0x00000000a4e00000|  0%| F|  |TAMS 0x00000000a4d00000, 0x00000000a4d00000| Untracked 
|  48|0x00000000a4e00000, 0x00000000a4e00000, 0x00000000a4f00000|  0%| F|  |TAMS 0x00000000a4e00000, 0x00000000a4e00000| Untracked 
|  49|0x00000000a4f00000, 0x00000000a4f00000, 0x00000000a5000000|  0%| F|  |TAMS 0x00000000a4f00000, 0x00000000a4f00000| Untracked 
|  50|0x00000000a5000000, 0x00000000a5000000, 0x00000000a5100000|  0%| F|  |TAMS 0x00000000a5000000, 0x00000000a5000000| Untracked 
|  51|0x00000000a5100000, 0x00000000a5100000, 0x00000000a5200000|  0%| F|  |TAMS 0x00000000a5100000, 0x00000000a5100000| Untracked 
|  52|0x00000000a5200000, 0x00000000a5200000, 0x00000000a5300000|  0%| F|  |TAMS 0x00000000a5200000, 0x00000000a5200000| Untracked 
|  53|0x00000000a5300000, 0x00000000a5300000, 0x00000000a5400000|  0%| F|  |TAMS 0x00000000a5300000, 0x00000000a5300000| Untracked 
|  54|0x00000000a5400000, 0x00000000a5400000, 0x00000000a5500000|  0%| F|  |TAMS 0x00000000a5400000, 0x00000000a5400000| Untracked 
|  55|0x00000000a5500000, 0x00000000a55a3310, 0x00000000a5600000| 63%| S|CS|TAMS 0x00000000a5500000, 0x00000000a5500000| Complete 
|  56|0x00000000a5600000, 0x00000000a5700000, 0x00000000a5700000|100%| S|CS|TAMS 0x00000000a5600000, 0x00000000a5600000| Complete 
|  57|0x00000000a5700000, 0x00000000a5800000, 0x00000000a5800000|100%| S|CS|TAMS 0x00000000a5700000, 0x00000000a5700000| Complete 
|  58|0x00000000a5800000, 0x00000000a5900000, 0x00000000a5900000|100%| S|CS|TAMS 0x00000000a5800000, 0x00000000a5800000| Complete 
|  59|0x00000000a5900000, 0x00000000a5a00000, 0x00000000a5a00000|100%| S|CS|TAMS 0x00000000a5900000, 0x00000000a5900000| Complete 
|  60|0x00000000a5a00000, 0x00000000a5a00000, 0x00000000a5b00000|  0%| F|  |TAMS 0x00000000a5a00000, 0x00000000a5a00000| Untracked 
|  61|0x00000000a5b00000, 0x00000000a5b00000, 0x00000000a5c00000|  0%| F|  |TAMS 0x00000000a5b00000, 0x00000000a5b00000| Untracked 
|  62|0x00000000a5c00000, 0x00000000a5c00000, 0x00000000a5d00000|  0%| F|  |TAMS 0x00000000a5c00000, 0x00000000a5c00000| Untracked 
|  63|0x00000000a5d00000, 0x00000000a5d00000, 0x00000000a5e00000|  0%| F|  |TAMS 0x00000000a5d00000, 0x00000000a5d00000| Untracked 
|  64|0x00000000a5e00000, 0x00000000a5e00000, 0x00000000a5f00000|  0%| F|  |TAMS 0x00000000a5e00000, 0x00000000a5e00000| Untracked 
|  65|0x00000000a5f00000, 0x00000000a5f00000, 0x00000000a6000000|  0%| F|  |TAMS 0x00000000a5f00000, 0x00000000a5f00000| Untracked 
|  66|0x00000000a6000000, 0x00000000a6000000, 0x00000000a6100000|  0%| F|  |TAMS 0x00000000a6000000, 0x00000000a6000000| Untracked 
|  67|0x00000000a6100000, 0x00000000a6100000, 0x00000000a6200000|  0%| F|  |TAMS 0x00000000a6100000, 0x00000000a6100000| Untracked 
|  68|0x00000000a6200000, 0x00000000a6200000, 0x00000000a6300000|  0%| F|  |TAMS 0x00000000a6200000, 0x00000000a6200000| Untracked 
|  69|0x00000000a6300000, 0x00000000a6300000, 0x00000000a6400000|  0%| F|  |TAMS 0x00000000a6300000, 0x00000000a6300000| Untracked 
|  70|0x00000000a6400000, 0x00000000a6400000, 0x00000000a6500000|  0%| F|  |TAMS 0x00000000a6400000, 0x00000000a6400000| Untracked 
|  71|0x00000000a6500000, 0x00000000a6500000, 0x00000000a6600000|  0%| F|  |TAMS 0x00000000a6500000, 0x00000000a6500000| Untracked 
|  72|0x00000000a6600000, 0x00000000a6600000, 0x00000000a6700000|  0%| F|  |TAMS 0x00000000a6600000, 0x00000000a6600000| Untracked 
|  73|0x00000000a6700000, 0x00000000a6700000, 0x00000000a6800000|  0%| F|  |TAMS 0x00000000a6700000, 0x00000000a6700000| Untracked 
|  74|0x00000000a6800000, 0x00000000a6800000, 0x00000000a6900000|  0%| F|  |TAMS 0x00000000a6800000, 0x00000000a6800000| Untracked 
|  75|0x00000000a6900000, 0x00000000a6900000, 0x00000000a6a00000|  0%| F|  |TAMS 0x00000000a6900000, 0x00000000a6900000| Untracked 
|  76|0x00000000a6a00000, 0x00000000a6a00000, 0x00000000a6b00000|  0%| F|  |TAMS 0x00000000a6a00000, 0x00000000a6a00000| Untracked 
|  77|0x00000000a6b00000, 0x00000000a6b00000, 0x00000000a6c00000|  0%| F|  |TAMS 0x00000000a6b00000, 0x00000000a6b00000| Untracked 
|  78|0x00000000a6c00000, 0x00000000a6c00000, 0x00000000a6d00000|  0%| F|  |TAMS 0x00000000a6c00000, 0x00000000a6c00000| Untracked 
|  79|0x00000000a6d00000, 0x00000000a6d00000, 0x00000000a6e00000|  0%| F|  |TAMS 0x00000000a6d00000, 0x00000000a6d00000| Untracked 
|  80|0x00000000a6e00000, 0x00000000a6e00000, 0x00000000a6f00000|  0%| F|  |TAMS 0x00000000a6e00000, 0x00000000a6e00000| Untracked 
|  81|0x00000000a6f00000, 0x00000000a6f00000, 0x00000000a7000000|  0%| F|  |TAMS 0x00000000a6f00000, 0x00000000a6f00000| Untracked 
|  82|0x00000000a7000000, 0x00000000a7000000, 0x00000000a7100000|  0%| F|  |TAMS 0x00000000a7000000, 0x00000000a7000000| Untracked 
|  83|0x00000000a7100000, 0x00000000a7100000, 0x00000000a7200000|  0%| F|  |TAMS 0x00000000a7100000, 0x00000000a7100000| Untracked 
|  84|0x00000000a7200000, 0x00000000a7200000, 0x00000000a7300000|  0%| F|  |TAMS 0x00000000a7200000, 0x00000000a7200000| Untracked 
|  85|0x00000000a7300000, 0x00000000a7300000, 0x00000000a7400000|  0%| F|  |TAMS 0x00000000a7300000, 0x00000000a7300000| Untracked 
|  86|0x00000000a7400000, 0x00000000a7443140, 0x00000000a7500000| 26%| E|  |TAMS 0x00000000a7400000, 0x00000000a7400000| Complete 
|  87|0x00000000a7500000, 0x00000000a7600000, 0x00000000a7600000|100%| E|CS|TAMS 0x00000000a7500000, 0x00000000a7500000| Complete 
|  88|0x00000000a7600000, 0x00000000a7700000, 0x00000000a7700000|100%| E|CS|TAMS 0x00000000a7600000, 0x00000000a7600000| Complete 
|  89|0x00000000a7700000, 0x00000000a7800000, 0x00000000a7800000|100%| E|CS|TAMS 0x00000000a7700000, 0x00000000a7700000| Complete 
|  90|0x00000000a7800000, 0x00000000a7900000, 0x00000000a7900000|100%| E|CS|TAMS 0x00000000a7800000, 0x00000000a7800000| Complete 
|  91|0x00000000a7900000, 0x00000000a7a00000, 0x00000000a7a00000|100%| E|CS|TAMS 0x00000000a7900000, 0x00000000a7900000| Complete 
|  92|0x00000000a7a00000, 0x00000000a7b00000, 0x00000000a7b00000|100%| E|CS|TAMS 0x00000000a7a00000, 0x00000000a7a00000| Complete 
|  93|0x00000000a7b00000, 0x00000000a7c00000, 0x00000000a7c00000|100%| E|CS|TAMS 0x00000000a7b00000, 0x00000000a7b00000| Complete 
|  94|0x00000000a7c00000, 0x00000000a7d00000, 0x00000000a7d00000|100%| E|CS|TAMS 0x00000000a7c00000, 0x00000000a7c00000| Complete 
|  95|0x00000000a7d00000, 0x00000000a7e00000, 0x00000000a7e00000|100%| E|CS|TAMS 0x00000000a7d00000, 0x00000000a7d00000| Complete 

Card table byte_map: [0x0000027ac0370000,0x0000027ac0670000] _byte_map_base: 0x0000027abfe61000

Marking Bits (Prev, Next): (CMBitMap*) 0x0000027aa6ee2cb0, (CMBitMap*) 0x0000027aa6ee2cf0
 Prev Bits: [0x0000027ac0970000, 0x0000027ac20f8000)
 Next Bits: [0x0000027ac2100000, 0x0000027ac3888000)

Polling page: 0x0000027aa6f50000

Metaspace:

Usage:
  Non-class:     13.79 MB used.
      Class:      2.07 MB used.
       Both:     15.86 MB used.

Virtual space:
  Non-class space:       64.00 MB reserved,      13.94 MB ( 22%) committed,  1 nodes.
      Class space:        1.00 GB reserved,       2.25 MB ( <1%) committed,  1 nodes.
             Both:        1.06 GB reserved,      16.19 MB (  1%) committed. 

Chunk freelists:
   Non-Class:  1.91 MB
       Class:  1.74 MB
        Both:  3.65 MB

MaxMetaspaceSize: unlimited
CompressedClassSpaceSize: 1.00 GB
Initial GC threshold: 21.00 MB
Current GC threshold: 21.00 MB
CDS: on
MetaspaceReclaimPolicy: balanced
 - commit_granule_bytes: 65536.
 - commit_granule_words: 8192.
 - virtual_space_node_default_size: 8388608.
 - enlarge_chunks_in_place: 1.
 - new_chunks_are_fully_committed: 0.
 - uncommit_free_chunks: 1.
 - use_allocation_guard: 0.


Internal statistics:

num_allocs_failed_limit: 0.
num_arena_births: 352.
num_arena_deaths: 0.
num_vsnodes_births: 2.
num_vsnodes_deaths: 0.
num_space_committed: 259.
num_space_uncommitted: 0.
num_chunks_returned_to_freelist: 0.
num_chunks_taken_from_freelist: 841.
num_chunk_merges: 0.
num_chunk_splits: 598.
num_chunks_enlarged: 457.
num_inconsistent_stats: 0.

CodeHeap 'non-profiled nmethods': size=120000Kb used=1322Kb max_used=1322Kb free=118677Kb
 bounds [0x0000027ab80d0000, 0x0000027ab8340000, 0x0000027abf600000]
CodeHeap 'profiled nmethods': size=120000Kb used=6593Kb max_used=6593Kb free=113406Kb
 bounds [0x0000027ab0600000, 0x0000027ab0c80000, 0x0000027ab7b30000]
CodeHeap 'non-nmethods': size=5760Kb used=1518Kb max_used=1568Kb free=4242Kb
 bounds [0x0000027ab7b30000, 0x0000027ab7da0000, 0x0000027ab80d0000]
 total_blobs=4255 nmethods=3457 adapters=707
 compilation: enabled
              stopped_count=0, restarted_count=0
 full_count=0

Compilation events (20 events):
Event: 54.605 Thread 0x0000027ac631a450 nmethod 3452 0x0000027ab0c6eb10 code [0x0000027ab0c6ece0, 0x0000027ab0c6efe8]
Event: 54.605 Thread 0x0000027ac631a450 3453       3       javafx.scene.layout.Region$1::doComputeGeomBounds (10 bytes)
Event: 54.606 Thread 0x0000027ac631a450 nmethod 3453 0x0000027ab0c6f190 code [0x0000027ab0c6f340, 0x0000027ab0c6f588]
Event: 54.606 Thread 0x0000027ac631a450 3454       1       javafx.scene.layout.Border::getOutsets (5 bytes)
Event: 54.606 Thread 0x0000027ac631a450 nmethod 3454 0x0000027ab8213110 code [0x0000027ab82132a0, 0x0000027ab8213358]
Event: 54.675 Thread 0x0000027ac6316740 nmethod 3426 0x0000027ab8213410 code [0x0000027ab82137e0, 0x0000027ab8216af8]
Event: 54.676 Thread 0x0000027ac6316740 3445       4       java.util.HashMap::put (13 bytes)
Event: 54.677 Thread 0x0000027ac6316740 nmethod 3445 0x0000027ab8218290 code [0x0000027ab8218420, 0x0000027ab8218568]
Event: 54.677 Thread 0x0000027ac6316740 3422       4       java.lang.StringLatin1::trim (76 bytes)
Event: 54.677 Thread 0x0000027ac6316740 nmethod 3422 0x0000027ab8218690 code [0x0000027ab8218820, 0x0000027ab82188f8]
Event: 54.760 Thread 0x0000027ac631a450 3455       3       javafx.scene.Node::getViewOrder (19 bytes)
Event: 54.761 Thread 0x0000027ac631a450 nmethod 3455 0x0000027ab0c6f690 code [0x0000027ab0c6f880, 0x0000027ab0c6fd08]
Event: 54.972 Thread 0x0000027ac631a450 3456       3       com.sun.javafx.collections.VetoableListDecorator$VetoableIteratorDecorator::checkForComodification (25 bytes)
Event: 54.972 Thread 0x0000027ac631a450 nmethod 3456 0x0000027ab0c6fe90 code [0x0000027ab0c70060, 0x0000027ab0c70348]
Event: 55.022 Thread 0x0000027ac6316740 3457       4       com.sun.javafx.event.BasicEventDispatcher::dispatchCapturingEvent (2 bytes)
Event: 55.022 Thread 0x0000027ac6316740 nmethod 3457 0x0000027ab8218a10 code [0x0000027ab8218b80, 0x0000027ab8218bf8]
Event: 55.516 Thread 0x0000027ac6316740 3458       4       java.util.EnumMap$ValueIterator::next (50 bytes)
Event: 55.519 Thread 0x0000027ac6316740 nmethod 3458 0x0000027ab8218d10 code [0x0000027ab8218ea0, 0x0000027ab82190b8]
Event: 55.545 Thread 0x0000027ac6316740 3459       4       com.sun.javafx.scene.input.InputEventUtils::recomputeCoordinates (220 bytes)
Event: 55.555 Thread 0x0000027ac6316740 nmethod 3459 0x0000027ab8219310 code [0x0000027ab8219540, 0x0000027ab8219ee0]

GC Heap History (4 events):
Event: 0.795 GC heap before
{Heap before GC invocations=0 (full 0):
 garbage-first heap   total 98304K, used 22528K [0x00000000a1e00000, 0x0000000100000000)
  region size 1024K, 23 young (23552K), 0 survivors (0K)
 Metaspace       used 6431K, committed 6592K, reserved 1114112K
  class space    used 750K, committed 832K, reserved 1048576K
}
Event: 0.798 GC heap after
{Heap after GC invocations=1 (full 0):
 garbage-first heap   total 98304K, used 3180K [0x00000000a1e00000, 0x0000000100000000)
  region size 1024K, 3 young (3072K), 3 survivors (3072K)
 Metaspace       used 6431K, committed 6592K, reserved 1114112K
  class space    used 750K, committed 832K, reserved 1048576K
}
Event: 2.022 GC heap before
{Heap before GC invocations=1 (full 0):
 garbage-first heap   total 98304K, used 37996K [0x00000000a1e00000, 0x0000000100000000)
  region size 1024K, 36 young (36864K), 3 survivors (3072K)
 Metaspace       used 14838K, committed 15168K, reserved 1114112K
  class space    used 2087K, committed 2240K, reserved 1048576K
}
Event: 2.030 GC heap after
{Heap after GC invocations=2 (full 0):
 garbage-first heap   total 98304K, used 9960K [0x00000000a1e00000, 0x0000000100000000)
  region size 1024K, 5 young (5120K), 5 survivors (5120K)
 Metaspace       used 14838K, committed 15168K, reserved 1114112K
  class space    used 2087K, committed 2240K, reserved 1048576K
}

Dll operation events (20 events):
Event: 0.431 Loaded shared library C:\Users\Home\.openjfx\cache\19-ea+7\amd64\api-ms-win-crt-filesystem-l1-1-0.dll
Event: 0.433 Loaded shared library C:\Users\Home\.openjfx\cache\19-ea+7\amd64\api-ms-win-crt-heap-l1-1-0.dll
Event: 0.436 Loaded shared library C:\Users\Home\.openjfx\cache\19-ea+7\amd64\api-ms-win-crt-locale-l1-1-0.dll
Event: 0.439 Loaded shared library C:\Users\Home\.openjfx\cache\19-ea+7\amd64\api-ms-win-crt-math-l1-1-0.dll
Event: 0.442 Loaded shared library C:\Users\Home\.openjfx\cache\19-ea+7\amd64\api-ms-win-crt-multibyte-l1-1-0.dll
Event: 0.445 Loaded shared library C:\Users\Home\.openjfx\cache\19-ea+7\amd64\api-ms-win-crt-private-l1-1-0.dll
Event: 0.448 Loaded shared library C:\Users\Home\.openjfx\cache\19-ea+7\amd64\api-ms-win-crt-process-l1-1-0.dll
Event: 0.451 Loaded shared library C:\Users\Home\.openjfx\cache\19-ea+7\amd64\api-ms-win-crt-runtime-l1-1-0.dll
Event: 0.454 Loaded shared library C:\Users\Home\.openjfx\cache\19-ea+7\amd64\api-ms-win-crt-stdio-l1-1-0.dll
Event: 0.457 Loaded shared library C:\Users\Home\.openjfx\cache\19-ea+7\amd64\api-ms-win-crt-string-l1-1-0.dll
Event: 0.460 Loaded shared library C:\Users\Home\.openjfx\cache\19-ea+7\amd64\api-ms-win-crt-time-l1-1-0.dll
Event: 0.462 Loaded shared library C:\Users\Home\.openjfx\cache\19-ea+7\amd64\api-ms-win-crt-utility-l1-1-0.dll
Event: 0.488 Loaded shared library C:\Users\Home\.openjfx\cache\19-ea+7\amd64\ucrtbase.dll
Event: 0.494 Loaded shared library C:\Users\Home\.openjfx\cache\19-ea+7\amd64\vcruntime140.dll
Event: 0.498 Loaded shared library C:\Users\Home\.openjfx\cache\19-ea+7\amd64\vcruntime140_1.dll
Event: 0.512 Loaded shared library C:\Users\Home\.openjfx\cache\19-ea+7\amd64\msvcp140.dll
Event: 0.562 Loaded shared library C:\Users\Home\.openjfx\cache\19-ea+7\amd64\prism_d3d.dll
Event: 0.591 Loaded shared library C:\Users\Home\.openjfx\cache\19-ea+7\amd64\glass.dll
Event: 0.737 Loaded shared library C:\Users\Home\.jdks\openjdk-19\bin\jimage.dll
Event: 0.879 Loaded shared library C:\Users\Home\.openjfx\cache\19-ea+7\amd64\javafx_font.dll

Deoptimization events (20 events):
Event: 7.128 Thread 0x0000027ac6313980 DEOPT PACKING pc=0x0000027ab0948f42 sp=0x000000dc006fd540
Event: 7.128 Thread 0x0000027ac6313980 DEOPT UNPACKING pc=0x0000027ab7b97543 sp=0x000000dc006fc9d0 mode 0
Event: 7.328 Thread 0x0000027acb366800 Uncommon trap: trap_request=0xffffff45 fr.pc=0x0000027ab817ed6c relative=0x00000000000001cc
Event: 7.328 Thread 0x0000027acb366800 Uncommon trap: reason=unstable_if action=reinterpret pc=0x0000027ab817ed6c method=java.lang.StringConcatHelper.prepend(J[BLjava/lang/String;)J @ 13 c2
Event: 7.328 Thread 0x0000027acb366800 DEOPT PACKING pc=0x0000027ab817ed6c sp=0x000000dc008fb190
Event: 7.328 Thread 0x0000027acb366800 DEOPT UNPACKING pc=0x0000027ab7b96da3 sp=0x000000dc008fb140 mode 2
Event: 8.177 Thread 0x0000027ac6313980 DEOPT PACKING pc=0x0000027ab0994177 sp=0x000000dc006fe240
Event: 8.177 Thread 0x0000027ac6313980 DEOPT UNPACKING pc=0x0000027ab7b97543 sp=0x000000dc006fd660 mode 0
Event: 9.602 Thread 0x0000027ac6313980 DEOPT PACKING pc=0x0000027ab0a4d969 sp=0x000000dc006fe0e0
Event: 9.602 Thread 0x0000027ac6313980 DEOPT UNPACKING pc=0x0000027ab7b97543 sp=0x000000dc006fd518 mode 0
Event: 9.667 Thread 0x0000027ac6313980 DEOPT PACKING pc=0x0000027ab0a4d45a sp=0x000000dc006fe0e0
Event: 9.667 Thread 0x0000027ac6313980 DEOPT UNPACKING pc=0x0000027ab7b97543 sp=0x000000dc006fd518 mode 0
Event: 51.105 Thread 0x0000027acb366800 Uncommon trap: trap_request=0xffffff45 fr.pc=0x0000027ab82093b8 relative=0x0000000000000038
Event: 51.105 Thread 0x0000027acb366800 Uncommon trap: reason=unstable_if action=reinterpret pc=0x0000027ab82093b8 method=java.lang.Character.isHighSurrogate(C)Z @ 3 c2
Event: 51.105 Thread 0x0000027acb366800 DEOPT PACKING pc=0x0000027ab82093b8 sp=0x000000dc008f8ce0
Event: 51.105 Thread 0x0000027acb366800 DEOPT UNPACKING pc=0x0000027ab7b96da3 sp=0x000000dc008f8c78 mode 2
Event: 54.605 Thread 0x0000027acb366800 Uncommon trap: trap_request=0xffffff45 fr.pc=0x0000027ab8205998 relative=0x0000000000000798
Event: 54.605 Thread 0x0000027acb366800 Uncommon trap: reason=unstable_if action=reinterpret pc=0x0000027ab8205998 method=javafx.scene.Parent.getOrderedChildren()Ljava/util/List; @ 7 c2
Event: 54.605 Thread 0x0000027acb366800 DEOPT PACKING pc=0x0000027ab8205998 sp=0x000000dc008f7080
Event: 54.605 Thread 0x0000027acb366800 DEOPT UNPACKING pc=0x0000027ab7b96da3 sp=0x000000dc008f6dd0 mode 2

Classes loaded (20 events):
Event: 4.478 Loading class sun/text/resources/BreakIteratorInfo
Event: 4.478 Loading class sun/text/resources/BreakIteratorInfo done
Event: 4.479 Loading class sun/text/resources/BreakIteratorResources
Event: 4.479 Loading class sun/util/resources/BreakIteratorResourceBundle
Event: 4.479 Loading class sun/util/resources/BreakIteratorResourceBundle done
Event: 4.479 Loading class sun/text/resources/BreakIteratorResources done
Event: 4.479 Loading class sun/util/resources/Bundles$2
Event: 4.479 Loading class sun/util/resources/Bundles$2 done
Event: 4.481 Loading class sun/text/RuleBasedBreakIterator
Event: 4.481 Loading class sun/text/RuleBasedBreakIterator done
Event: 4.482 Loading class sun/text/CompactByteArray
Event: 4.482 Loading class sun/text/CompactByteArray done
Event: 4.482 Loading class sun/text/SupplementaryCharacterData
Event: 4.482 Loading class sun/text/SupplementaryCharacterData done
Event: 4.482 Loading class java/text/BreakIterator$BreakIteratorCache
Event: 4.482 Loading class java/text/BreakIterator$BreakIteratorCache done
Event: 49.776 Loading class java/text/StringCharacterIterator
Event: 49.776 Loading class java/text/StringCharacterIterator done
Event: 58.468 Loading class jdk/internal/misc/Signal$1
Event: 58.468 Loading class jdk/internal/misc/Signal$1 done

Classes unloaded (0 events):
No events

Classes redefined (0 events):
No events

Internal exceptions (20 events):
Event: 1.234 Thread 0x0000027acb366800 Implicit null exception at 0x0000027ab81336aa to 0x0000027ab8133ad0
Event: 1.235 Thread 0x0000027acb366800 Implicit null exception at 0x0000027ab81328ac to 0x0000027ab8132cb4
Event: 1.240 Thread 0x0000027acb366800 Implicit null exception at 0x0000027ab80e35af to 0x0000027ab80e3794
Event: 1.325 Thread 0x0000027acb366800 Implicit null exception at 0x0000027ab8129472 to 0x0000027ab81297fc
Event: 1.386 Thread 0x0000027acb366800 Exception <a 'java/lang/ClassNotFoundException'{0x00000000a6757580}: com/sun/javafx/scene/control/skin/resources/controls> (0x00000000a6757580) 
thrown [s\open\src\hotspot\share\prims\jni.cpp, line 536]
Event: 1.388 Thread 0x0000027acb366800 Exception <a 'java/lang/ClassNotFoundException'{0x00000000a6765358}: com/sun/javafx/scene/control/skin/resources/controls_ru> (0x00000000a6765358) 
thrown [s\open\src\hotspot\share\prims\jni.cpp, line 536]
Event: 1.388 Thread 0x0000027acb366800 Exception <a 'java/lang/ClassNotFoundException'{0x00000000a6766300}: com/sun/javafx/scene/control/skin/resources/controls_ru_RU> (0x00000000a6766300) 
thrown [s\open\src\hotspot\share\prims\jni.cpp, line 536]
Event: 1.444 Thread 0x0000027acb366800 Exception <a 'java/lang/NoSuchMethodError'{0x00000000a621f3a0}: 'void java.lang.invoke.DirectMethodHandle$Holder.invokeSpecial(java.lang.Object, java.lang.Object, java.lang.Object, java.lang.Object, java.lang.Object, java.lang.Object)'> (0x00000000a621f3a0) 
thrown [s\open\src\hotspot\share\interpreter\linkResolver.cpp, line 774]
Event: 1.447 Thread 0x0000027acb366800 Exception <a 'java/lang/NoSuchMethodError'{0x00000000a623fad0}: 'java.lang.Object java.lang.invoke.DirectMethodHandle$Holder.invokeInterface(java.lang.Object, java.lang.Object, java.lang.Object)'> (0x00000000a623fad0) 
thrown [s\open\src\hotspot\share\interpreter\linkResolver.cpp, line 774]
Event: 1.448 Thread 0x0000027acb366800 Exception <a 'java/lang/IncompatibleClassChangeError'{0x00000000a63ff5b8}: Found class java.lang.Object, but interface was expected> (0x00000000a63ff5b8) 
thrown [s\open\src\hotspot\share\interpreter\linkResolver.cpp, line 841]
Event: 1.542 Thread 0x0000027acb366800 Exception <a 'java/lang/NoSuchMethodError'{0x00000000a5ead9e8}: 'int java.lang.invoke.DirectMethodHandle$Holder.invokeSpecial(java.lang.Object, java.lang.Object, int)'> (0x00000000a5ead9e8) 
thrown [s\open\src\hotspot\share\interpreter\linkResolver.cpp, line 774]
Event: 1.551 Thread 0x0000027acb366800 Exception <a 'java/lang/NoSuchMethodError'{0x00000000a5eddaa8}: 'java.lang.Object java.lang.invoke.DirectMethodHandle$Holder.newInvokeSpecial(java.lang.Object, java.lang.Object, int)'> (0x00000000a5eddaa8) 
thrown [s\open\src\hotspot\share\interpreter\linkResolver.cpp, line 774]
Event: 1.584 Thread 0x0000027ac6313980 Exception <a 'java/lang/NoSuchMethodError'{0x00000000a5d5a738}: 'int java.lang.invoke.DirectMethodHandle$Holder.invokeStaticInit(java.lang.Object, java.lang.Object)'> (0x00000000a5d5a738) 
thrown [s\open\src\hotspot\share\interpreter\linkResolver.cpp, line 774]
Event: 1.586 Thread 0x0000027acb366800 Exception <a 'java/lang/NoSuchMethodError'{0x00000000a5d821a8}: 'long java.lang.invoke.DirectMethodHandle$Holder.invokeStatic(java.lang.Object, java.lang.Object, java.lang.Object)'> (0x00000000a5d821a8) 
thrown [s\open\src\hotspot\share\interpreter\linkResolver.cpp, line 774]
Event: 1.587 Thread 0x0000027acb366800 Exception <a 'java/lang/NoSuchMethodError'{0x00000000a5d85820}: 'long java.lang.invoke.DirectMethodHandle$Holder.invokeStaticInit(java.lang.Object, java.lang.Object, java.lang.Object)'> (0x00000000a5d85820) 
thrown [s\open\src\hotspot\share\interpreter\linkResolver.cpp, line 774]
Event: 1.591 Thread 0x0000027acb366800 Exception <a 'java/lang/NoSuchMethodError'{0x00000000a5d9dbc8}: 'java.lang.Object java.lang.invoke.DirectMethodHandle$Holder.newInvokeSpecial(java.lang.Object, java.lang.Object, long)'> (0x00000000a5d9dbc8) 
thrown [s\open\src\hotspot\share\interpreter\linkResolver.cpp, line 774]
Event: 1.592 Thread 0x0000027acb366800 Exception <a 'java/lang/NoSuchMethodError'{0x00000000a5da1750}: 'java.lang.Object java.lang.invoke.Invokers$Holder.linkToTargetMethod(java.lang.Object, long, java.lang.Object)'> (0x00000000a5da1750) 
thrown [s\open\src\hotspot\share\interpreter\linkResolver.cpp, line 774]
Event: 51.101 Thread 0x0000027acb366800 Exception <a 'java/lang/NoSuchMethodError'{0x00000000a761c1b8}: 'java.lang.Object java.lang.invoke.DirectMethodHandle$Holder.newInvokeSpecial(java.lang.Object, java.lang.Object, int, int, int, int, int, java.lang.Object)'> (0x00000000a761c1b8) 
thrown [s\open\src\hotspot\share\interpreter\linkResolver.cpp, line 774]
Event: 51.104 Thread 0x0000027acb366800 Exception <a 'java/lang/NoSuchMethodError'{0x00000000a762fc60}: 'java.lang.Object java.lang.invoke.DirectMethodHandle$Holder.newInvokeSpecial(java.lang.Object, java.lang.Object, java.lang.Object, int, int, int, int, int)'> (0x00000000a762fc60) 
thrown [s\open\src\hotspot\share\interpreter\linkResolver.cpp, line 774]
Event: 51.104 Thread 0x0000027acb366800 Exception <a 'java/lang/NoSuchMethodError'{0x00000000a7637f90}: 'java.lang.Object java.lang.invoke.Invokers$Holder.linkToTargetMethod(java.lang.Object, java.lang.Object, int, int, int, int, int, java.lang.Object)'> (0x00000000a7637f90) 
thrown [s\open\src\hotspot\share\interpreter\linkResolver.cpp, line 774]

VM Operations (20 events):
Event: 35.047 Executing VM operation: Cleanup done
Event: 37.047 Executing VM operation: Cleanup
Event: 37.047 Executing VM operation: Cleanup done
Event: 39.047 Executing VM operation: Cleanup
Event: 39.048 Executing VM operation: Cleanup done
Event: 40.048 Executing VM operation: Cleanup
Event: 40.048 Executing VM operation: Cleanup done
Event: 44.050 Executing VM operation: Cleanup
Event: 44.051 Executing VM operation: Cleanup done
Event: 45.051 Executing VM operation: Cleanup
Event: 45.051 Executing VM operation: Cleanup done
Event: 50.054 Executing VM operation: Cleanup
Event: 50.054 Executing VM operation: Cleanup done
Event: 52.055 Executing VM operation: Cleanup
Event: 52.055 Executing VM operation: Cleanup done
Event: 54.056 Executing VM operation: Cleanup
Event: 54.056 Executing VM operation: Cleanup done
Event: 56.056 Executing VM operation: Cleanup
Event: 56.056 Executing VM operation: Cleanup done
Event: 58.470 Executing VM operation: Exit

Events (20 events):
Event: 0.245 Thread 0x0000027ac6313430 Thread added: 0x0000027ac6313430
Event: 0.552 Thread 0x0000027ac6313980 Thread added: 0x0000027ac6313980
Event: 0.592 Thread 0x0000027acb36b260 Thread added: 0x0000027acb36b260
Event: 0.595 Thread 0x0000027acb366800 Thread added: 0x0000027acb366800
Event: 0.663 Thread 0x0000027aca6b5370 Thread exited: 0x0000027aca6b5370
Event: 0.688 Thread 0x0000027acb36a270 Thread added: 0x0000027acb36a270
Event: 0.697 Thread 0x0000027acb366d50 Thread added: 0x0000027acb366d50
Event: 1.094 Thread 0x0000027acbe1c680 Thread added: 0x0000027acbe1c680
Event: 1.457 Thread 0x0000027acb3662b0 Thread added: 0x0000027acb3662b0
Event: 1.613 Thread 0x0000027acb3687e0 Thread added: 0x0000027acb3687e0
Event: 1.872 Thread 0x0000027aca5e7fb0 Thread exited: 0x0000027aca5e7fb0
Event: 1.872 Thread 0x0000027acbe1c680 Thread exited: 0x0000027acbe1c680
Event: 3.481 Thread 0x0000027acbd20ec0 Thread added: 0x0000027acbd20ec0
Event: 3.776 Thread 0x0000027acbd20ec0 Thread exited: 0x0000027acbd20ec0
Event: 58.468 Thread 0x0000027acb365d60 Thread added: 0x0000027acb365d60
Event: 58.469 Thread 0x0000027acb364d70 Thread added: 0x0000027acb364d70
Event: 58.469 Thread 0x0000027acb367d40 Thread added: 0x0000027acb367d40
Event: 58.469 Thread 0x0000027acb367d40 Thread exited: 0x0000027acb367d40
Event: 58.470 Thread 0x0000027acb364d70 Thread exited: 0x0000027acb364d70
Event: 58.470 Thread 0x0000027ac63073d0 Thread exited: 0x0000027ac63073d0


Dynamic libraries:
0x00007ff7747f0000 - 0x00007ff7747fe000 	C:\Users\Home\.jdks\openjdk-19\bin\java.exe
0x00007ffb4fce0000 - 0x00007ffb4fece000 	C:\Windows\SYSTEM32\ntdll.dll
0x00007ffb4fa00000 - 0x00007ffb4fab3000 	C:\Windows\System32\KERNEL32.DLL
0x00007ffb4c740000 - 0x00007ffb4c9dd000 	C:\Windows\System32\KERNELBASE.dll
0x00007ffb4c640000 - 0x00007ffb4c73a000 	C:\Windows\System32\ucrtbase.dll
0x00007ffb404f0000 - 0x00007ffb4050b000 	C:\Users\Home\.jdks\openjdk-19\bin\VCRUNTIME140.dll
0x00007ffb45ae0000 - 0x00007ffb45af7000 	C:\Users\Home\.jdks\openjdk-19\bin\jli.dll
0x00007ffb4ef40000 - 0x00007ffb4f0d8000 	C:\Windows\System32\USER32.dll
0x00007ffb4c9e0000 - 0x00007ffb4ca00000 	C:\Windows\System32\win32u.dll
0x00007ffb355b0000 - 0x00007ffb35829000 	C:\Windows\WinSxS\amd64_microsoft.windows.common-controls_6595b64144ccf1df_6.0.17763.3532_none_de70b8e0534bb89d\COMCTL32.dll
0x00007ffb4f850000 - 0x00007ffb4f8ee000 	C:\Windows\System32\msvcrt.dll
0x00007ffb4f6f0000 - 0x00007ffb4f719000 	C:\Windows\System32\GDI32.dll
0x00007ffb4ca90000 - 0x00007ffb4cc30000 	C:\Windows\System32\gdi32full.dll
0x00007ffb4bdc0000 - 0x00007ffb4be60000 	C:\Windows\System32\msvcp_win.dll
0x00007ffb4e930000 - 0x00007ffb4ec5b000 	C:\Windows\System32\combase.dll
0x00007ffb4f0e0000 - 0x00007ffb4f1fd000 	C:\Windows\System32\RPCRT4.dll
0x00007ffb4c5b0000 - 0x00007ffb4c632000 	C:\Windows\System32\bcryptPrimitives.dll
0x00007ffb4ef10000 - 0x00007ffb4ef3e000 	C:\Windows\System32\IMM32.DLL
0x00007ffb48370000 - 0x00007ffb4837c000 	C:\Users\Home\.jdks\openjdk-19\bin\vcruntime140_1.dll
0x00007ffb1d2a0000 - 0x00007ffb1d32e000 	C:\Users\Home\.jdks\openjdk-19\bin\msvcp140.dll
0x00007ffaf2da0000 - 0x00007ffaf3a60000 	C:\Users\Home\.jdks\openjdk-19\bin\server\jvm.dll
0x00007ffb4ee60000 - 0x00007ffb4ef07000 	C:\Windows\System32\ADVAPI32.dll
0x00007ffb4f720000 - 0x00007ffb4f7bf000 	C:\Windows\System32\sechost.dll
0x00007ffb3d400000 - 0x00007ffb3d424000 	C:\Windows\SYSTEM32\WINMM.dll
0x00007ffb48380000 - 0x00007ffb48389000 	C:\Windows\SYSTEM32\WSOCK32.dll
0x00007ffb47180000 - 0x00007ffb4718a000 	C:\Windows\SYSTEM32\VERSION.dll
0x00007ffb4f200000 - 0x00007ffb4f26d000 	C:\Windows\System32\WS2_32.dll
0x00007ffb3bee0000 - 0x00007ffb3bf0d000 	C:\Windows\SYSTEM32\WINMMBASE.dll
0x00007ffb4bd70000 - 0x00007ffb4bdba000 	C:\Windows\System32\cfgmgr32.dll
0x00007ffb4bd00000 - 0x00007ffb4bd11000 	C:\Windows\System32\kernel.appcore.dll
0x00007ffb45a80000 - 0x00007ffb45a8a000 	C:\Users\Home\.jdks\openjdk-19\bin\jimage.dll
0x00007ffb4a610000 - 0x00007ffb4a7fd000 	C:\Windows\SYSTEM32\DBGHELP.DLL
0x00007ffb42a10000 - 0x00007ffb42a3a000 	C:\Windows\SYSTEM32\dbgcore.DLL
0x00007ffb38960000 - 0x00007ffb3896e000 	C:\Users\Home\.jdks\openjdk-19\bin\instrument.dll
0x00007ffb3ed50000 - 0x00007ffb3ed76000 	C:\Users\Home\.jdks\openjdk-19\bin\java.dll
0x00007ffb1d1c0000 - 0x00007ffb1d297000 	C:\Users\Home\.jdks\openjdk-19\bin\jsvml.dll
0x00007ffb4d250000 - 0x00007ffb4e746000 	C:\Windows\System32\SHELL32.dll
0x00007ffb4e750000 - 0x00007ffb4e7f7000 	C:\Windows\System32\shcore.dll
0x00007ffb4be60000 - 0x00007ffb4c5a9000 	C:\Windows\System32\windows.storage.dll
0x00007ffb4bd20000 - 0x00007ffb4bd43000 	C:\Windows\System32\profapi.dll
0x00007ffb4bca0000 - 0x00007ffb4bcfd000 	C:\Windows\System32\powrprof.dll
0x00007ffb4ede0000 - 0x00007ffb4ee32000 	C:\Windows\System32\shlwapi.dll
0x00007ffb4ca00000 - 0x00007ffb4ca17000 	C:\Windows\System32\cryptsp.dll
0x00007ffb3ece0000 - 0x00007ffb3ecf3000 	C:\Users\Home\.jdks\openjdk-19\bin\net.dll
0x00007ffb473c0000 - 0x00007ffb474bf000 	C:\Windows\SYSTEM32\WINHTTP.dll
0x00007ffb4b4f0000 - 0x00007ffb4b557000 	C:\Windows\system32\mswsock.dll
0x00007ffb3ecc0000 - 0x00007ffb3ecd6000 	C:\Users\Home\.jdks\openjdk-19\bin\nio.dll
0x00007ffb3cf30000 - 0x00007ffb3cf48000 	C:\Users\Home\.jdks\openjdk-19\bin\zip.dll
0x00007ffb09ec0000 - 0x00007ffb09eda000 	C:\Program Files\JetBrains\IntelliJ IDEA 2022.2.2\bin\breakgen64.dll
0x0000027aa6fa0000 - 0x0000027aa6fa3000 	C:\Users\Home\.openjfx\cache\19-ea+7\amd64\api-ms-win-core-console-l1-1-0.dll
0x0000027aa6fb0000 - 0x0000027aa6fb3000 	C:\Users\Home\.openjfx\cache\19-ea+7\amd64\api-ms-win-core-console-l1-2-0.dll
0x0000027ac6380000 - 0x0000027ac6383000 	C:\Users\Home\.openjfx\cache\19-ea+7\amd64\api-ms-win-core-datetime-l1-1-0.dll
0x0000027ac6390000 - 0x0000027ac6393000 	C:\Users\Home\.openjfx\cache\19-ea+7\amd64\api-ms-win-core-debug-l1-1-0.dll
0x0000027ac63a0000 - 0x0000027ac63a3000 	C:\Users\Home\.openjfx\cache\19-ea+7\amd64\api-ms-win-core-errorhandling-l1-1-0.dll
0x0000027ac63b0000 - 0x0000027ac63b4000 	C:\Users\Home\.openjfx\cache\19-ea+7\amd64\api-ms-win-core-file-l1-1-0.dll
0x0000027ac63c0000 - 0x0000027ac63c3000 	C:\Users\Home\.openjfx\cache\19-ea+7\amd64\api-ms-win-core-file-l1-2-0.dll
0x0000027ac63d0000 - 0x0000027ac63d3000 	C:\Users\Home\.openjfx\cache\19-ea+7\amd64\api-ms-win-core-file-l2-1-0.dll
0x0000027ac63e0000 - 0x0000027ac63e3000 	C:\Users\Home\.openjfx\cache\19-ea+7\amd64\api-ms-win-core-handle-l1-1-0.dll
0x0000027ac63f0000 - 0x0000027ac63f3000 	C:\Users\Home\.openjfx\cache\19-ea+7\amd64\api-ms-win-core-heap-l1-1-0.dll
0x0000027acc0d0000 - 0x0000027acc0d3000 	C:\Users\Home\.openjfx\cache\19-ea+7\amd64\api-ms-win-core-interlocked-l1-1-0.dll
0x0000027acc0e0000 - 0x0000027acc0e3000 	C:\Users\Home\.openjfx\cache\19-ea+7\amd64\api-ms-win-core-libraryloader-l1-1-0.dll
0x0000027acc0f0000 - 0x0000027acc0f3000 	C:\Users\Home\.openjfx\cache\19-ea+7\amd64\api-ms-win-core-localization-l1-2-0.dll
0x0000027acc100000 - 0x0000027acc103000 	C:\Users\Home\.openjfx\cache\19-ea+7\amd64\api-ms-win-core-memory-l1-1-0.dll
0x0000027acc110000 - 0x0000027acc113000 	C:\Users\Home\.openjfx\cache\19-ea+7\amd64\api-ms-win-core-namedpipe-l1-1-0.dll
0x0000027acc120000 - 0x0000027acc123000 	C:\Users\Home\.openjfx\cache\19-ea+7\amd64\api-ms-win-core-processenvironment-l1-1-0.dll
0x0000027acc130000 - 0x0000027acc133000 	C:\Users\Home\.openjfx\cache\19-ea+7\amd64\api-ms-win-core-processthreads-l1-1-0.dll
0x0000027acc140000 - 0x0000027acc143000 	C:\Users\Home\.openjfx\cache\19-ea+7\amd64\api-ms-win-core-processthreads-l1-1-1.dll
0x0000027acc150000 - 0x0000027acc153000 	C:\Users\Home\.openjfx\cache\19-ea+7\amd64\api-ms-win-core-profile-l1-1-0.dll
0x0000027acc490000 - 0x0000027acc493000 	C:\Users\Home\.openjfx\cache\19-ea+7\amd64\api-ms-win-core-rtlsupport-l1-1-0.dll
0x0000027acc4a0000 - 0x0000027acc4a3000 	C:\Users\Home\.openjfx\cache\19-ea+7\amd64\api-ms-win-core-string-l1-1-0.dll
0x0000027acc4b0000 - 0x0000027acc4b3000 	C:\Users\Home\.openjfx\cache\19-ea+7\amd64\api-ms-win-core-synch-l1-1-0.dll
0x0000027acc4c0000 - 0x0000027acc4c3000 	C:\Users\Home\.openjfx\cache\19-ea+7\amd64\api-ms-win-core-synch-l1-2-0.dll
0x0000027acc160000 - 0x0000027acc163000 	C:\Users\Home\.openjfx\cache\19-ea+7\amd64\api-ms-win-core-sysinfo-l1-1-0.dll
0x0000027acc170000 - 0x0000027acc173000 	C:\Users\Home\.openjfx\cache\19-ea+7\amd64\api-ms-win-core-timezone-l1-1-0.dll
0x0000027acc180000 - 0x0000027acc183000 	C:\Users\Home\.openjfx\cache\19-ea+7\amd64\api-ms-win-core-util-l1-1-0.dll
0x0000027acc190000 - 0x0000027acc193000 	C:\Users\Home\.openjfx\cache\19-ea+7\amd64\api-ms-win-crt-conio-l1-1-0.dll
0x0000027acc1a0000 - 0x0000027acc1a4000 	C:\Users\Home\.openjfx\cache\19-ea+7\amd64\api-ms-win-crt-convert-l1-1-0.dll
0x0000027acc1b0000 - 0x0000027acc1b3000 	C:\Users\Home\.openjfx\cache\19-ea+7\amd64\api-ms-win-crt-environment-l1-1-0.dll
0x0000027acc1c0000 - 0x0000027acc1c3000 	C:\Users\Home\.openjfx\cache\19-ea+7\amd64\api-ms-win-crt-filesystem-l1-1-0.dll
0x0000027acc1d0000 - 0x0000027acc1d3000 	C:\Users\Home\.openjfx\cache\19-ea+7\amd64\api-ms-win-crt-heap-l1-1-0.dll
0x0000027acc1e0000 - 0x0000027acc1e3000 	C:\Users\Home\.openjfx\cache\19-ea+7\amd64\api-ms-win-crt-locale-l1-1-0.dll
0x0000027acc1f0000 - 0x0000027acc1f5000 	C:\Users\Home\.openjfx\cache\19-ea+7\amd64\api-ms-win-crt-math-l1-1-0.dll
0x0000027acc200000 - 0x0000027acc205000 	C:\Users\Home\.openjfx\cache\19-ea+7\amd64\api-ms-win-crt-multibyte-l1-1-0.dll
0x0000027acc210000 - 0x0000027acc220000 	C:\Users\Home\.openjfx\cache\19-ea+7\amd64\api-ms-win-crt-private-l1-1-0.dll
0x0000027acc220000 - 0x0000027acc223000 	C:\Users\Home\.openjfx\cache\19-ea+7\amd64\api-ms-win-crt-process-l1-1-0.dll
0x0000027acc230000 - 0x0000027acc234000 	C:\Users\Home\.openjfx\cache\19-ea+7\amd64\api-ms-win-crt-runtime-l1-1-0.dll
0x0000027acc240000 - 0x0000027acc244000 	C:\Users\Home\.openjfx\cache\19-ea+7\amd64\api-ms-win-crt-stdio-l1-1-0.dll
0x0000027acc250000 - 0x0000027acc254000 	C:\Users\Home\.openjfx\cache\19-ea+7\amd64\api-ms-win-crt-string-l1-1-0.dll
0x0000027acc260000 - 0x0000027acc263000 	C:\Users\Home\.openjfx\cache\19-ea+7\amd64\api-ms-win-crt-time-l1-1-0.dll
0x0000027acc270000 - 0x0000027acc273000 	C:\Users\Home\.openjfx\cache\19-ea+7\amd64\api-ms-win-crt-utility-l1-1-0.dll
0x00007ffb090f0000 - 0x00007ffb091ec000 	C:\Users\Home\.openjfx\cache\19-ea+7\amd64\ucrtbase.dll
0x00007ffb09ea0000 - 0x00007ffb09ebb000 	C:\Users\Home\.openjfx\cache\19-ea+7\amd64\vcruntime140.dll
0x00007ffb3ed40000 - 0x00007ffb3ed4c000 	C:\Users\Home\.openjfx\cache\19-ea+7\amd64\vcruntime140_1.dll
0x00007ffb09060000 - 0x00007ffb090ee000 	C:\Users\Home\.openjfx\cache\19-ea+7\amd64\msvcp140.dll
0x00007ffb09e70000 - 0x00007ffb09e9c000 	C:\Users\Home\.openjfx\cache\19-ea+7\amd64\prism_d3d.dll
0x00007ffb44f90000 - 0x00007ffb4512d000 	C:\Windows\system32\d3d9.dll
0x00007ffb4a1e0000 - 0x00007ffb4a20e000 	C:\Windows\SYSTEM32\dwmapi.dll
0x00007ffb4cc60000 - 0x00007ffb4ce55000 	C:\Windows\System32\CRYPT32.dll
0x00007ffb4bd50000 - 0x00007ffb4bd62000 	C:\Windows\System32\MSASN1.dll
0x00007ffb49810000 - 0x00007ffb498ac000 	C:\Windows\system32\uxtheme.dll
0x00007ffb08ef0000 - 0x00007ffb09053000 	C:\Windows\System32\DriverStore\FileRepository\iigd_dch.inf_amd64_a086f01cc7be643a\igdumdim64.dll
0x00007ffadb910000 - 0x00007ffadf314000 	C:\Windows\System32\DriverStore\FileRepository\iigd_dch.inf_amd64_a086f01cc7be643a\igd9dxva64.dll
0x00007ffb4ec60000 - 0x00007ffb4edb6000 	C:\Windows\System32\ole32.dll
0x00007ffb4e800000 - 0x00007ffb4e8c4000 	C:\Windows\System32\OLEAUT32.dll
0x00007ffb4f270000 - 0x00007ffb4f6e6000 	C:\Windows\System32\SETUPAPI.dll
0x00007ffb4cc30000 - 0x00007ffb4cc56000 	C:\Windows\System32\bcrypt.dll
0x00007ffb31ae0000 - 0x00007ffb31d1f000 	C:\Windows\System32\DriverStore\FileRepository\iigd_dch.inf_amd64_a086f01cc7be643a\igdgmm64.dll
0x00007ffb09540000 - 0x00007ffb09582000 	C:\Users\Home\.openjfx\cache\19-ea+7\amd64\glass.dll
0x00007ffb4cf70000 - 0x00007ffb4d096000 	C:\Windows\System32\COMDLG32.dll
0x00007ffb4fac0000 - 0x00007ffb4fc2b000 	C:\Windows\System32\MSCTF.dll
0x00007ffb32190000 - 0x00007ffb321b7000 	C:\Windows\System32\DriverStore\FileRepository\iigd_dch.inf_amd64_a086f01cc7be643a\igdinfo64.dll
0x00007ffb2ede0000 - 0x00007ffb31a42000 	C:\Windows\System32\DriverStore\FileRepository\iigd_dch.inf_amd64_a086f01cc7be643a\igc64.dll
0x00007ffb09520000 - 0x00007ffb09534000 	C:\Users\Home\.openjfx\cache\19-ea+7\amd64\javafx_font.dll
0x00007ffb1ad70000 - 0x00007ffb1b077000 	C:\Windows\SYSTEM32\dwrite.dll
0x00007ffb4f8f0000 - 0x00007ffb4f999000 	C:\Windows\System32\clbcatq.dll
0x00007ffb49570000 - 0x00007ffb49728000 	C:\Windows\SYSTEM32\WindowsCodecs.dll
0x00007ffb40800000 - 0x00007ffb40856000 	C:\Windows\system32\dataexchange.dll
0x00007ffb467b0000 - 0x00007ffb46973000 	C:\Windows\system32\dcomp.dll
0x00007ffb47f80000 - 0x00007ffb481fe000 	C:\Windows\system32\d3d11.dll
0x00007ffb4a990000 - 0x00007ffb4aa52000 	C:\Windows\system32\dxgi.dll
0x00007ffb49f80000 - 0x00007ffb4a18c000 	C:\Windows\system32\twinapi.appcore.dll
0x00007ffb4a190000 - 0x00007ffb4a1b8000 	C:\Windows\system32\RMCLIENT.dll
0x00007ffb08eb0000 - 0x00007ffb08ee3000 	C:\Program Files\Common Files\Microsoft Shared\Ink\rtscom.dll
0x00007ffb29780000 - 0x00007ffb29813000 	C:\Windows\System32\TextInputFramework.dll
0x00007ffb34be0000 - 0x00007ffb34f02000 	C:\Windows\System32\CoreUIComponents.dll
0x00007ffb46ad0000 - 0x00007ffb46bb1000 	C:\Windows\System32\CoreMessaging.dll
0x00007ffb4ace0000 - 0x00007ffb4ad11000 	C:\Windows\SYSTEM32\ntmarta.dll
0x00007ffb48be0000 - 0x00007ffb48d31000 	C:\Windows\SYSTEM32\wintypes.dll

dbghelp: loaded successfully - version: 4.0.5 - missing functions: none
symbol engine: initialized successfully - sym options: 0x614 - pdb path: .;C:\Users\Home\.jdks\openjdk-19\bin;C:\Windows\SYSTEM32;C:\Windows\WinSxS\amd64_microsoft.windows.common-controls_6595b64144ccf1df_6.0.17763.3532_none_de70b8e0534bb89d;C:\Users\Home\.jdks\openjdk-19\bin\server;C:\Program Files\JetBrains\IntelliJ IDEA 2022.2.2\bin;C:\Users\Home\.openjfx\cache\19-ea+7\amd64;C:\Windows\System32\DriverStore\FileRepository\iigd_dch.inf_amd64_a086f01cc7be643a;C:\Program Files\Common Files\Microsoft Shared\Ink

VM Arguments:
jvm_args: -javaagent:C:\Program Files\JetBrains\IntelliJ IDEA 2022.2.2\lib\idea_rt.jar=41482:C:\Program Files\JetBrains\IntelliJ IDEA 2022.2.2\bin -Dfile.encoding=UTF-8 -Dsun.stdout.encoding=UTF-8 -Dsun.stderr.encoding=UTF-8 --module-path=C:\Users\Home\.m2\repository\org\openjfx\javafx-fxml\19-ea+7\javafx-fxml-19-ea+7-win.jar;C:\Users\Home\.m2\repository\org\openjfx\javafx-base\19-ea+7\javafx-base-19-ea+7-win.jar;C:\Users\Home\.m2\repository\org\openjfx\javafx-controls\19-ea+7\javafx-controls-19-ea+7-win.jar;C:\Users\Home\.m2\repository\org\openjfx\javafx-graphics\19-ea+7\javafx-graphics-19-ea+7-win.jar;D:\5семестр\курсач\kursach\target\classes -Djdk.module.main=com.example.kursach 
java_command: com.example.kursach/com.example.kursach.client.StartClient
java_class_path (initial): D:\mysql-connector-j-8.0.31\mysql-connector-j-8.0.31.jar;C:\Users\Home\.m2\repository\org\openjfx\javafx-controls\19-ea+7\javafx-controls-19-ea+7.jar;C:\Users\Home\.m2\repository\org\openjfx\javafx-graphics\19-ea+7\javafx-graphics-19-ea+7.jar;C:\Users\Home\.m2\repository\org\openjfx\javafx-base\19-ea+7\javafx-base-19-ea+7.jar;C:\Users\Home\.m2\repository\org\openjfx\javafx-fxml\19-ea+7\javafx-fxml-19-ea+7.jar
Launcher Type: SUN_STANDARD

[Global flags]
     intx CICompilerCount                          = 4                                         {product} {ergonomic}
     uint ConcGCThreads                            = 2                                         {product} {ergonomic}
     uint G1ConcRefinementThreads                  = 8                                         {product} {ergonomic}
   size_t G1HeapRegionSize                         = 1048576                                   {product} {ergonomic}
    uintx GCDrainStackTargetSize                   = 64                                        {product} {ergonomic}
   size_t InitialHeapSize                          = 100663296                                 {product} {ergonomic}
   size_t MarkStackSize                            = 4194304                                   {product} {ergonomic}
   size_t MaxHeapSize                              = 1579155456                                {product} {ergonomic}
   size_t MaxNewSize                               = 946864128                                 {product} {ergonomic}
   size_t MinHeapDeltaBytes                        = 1048576                                   {product} {ergonomic}
   size_t MinHeapSize                              = 8388608                                   {product} {ergonomic}
    uintx NonNMethodCodeHeapSize                   = 5839372                                {pd product} {ergonomic}
    uintx NonProfiledCodeHeapSize                  = 122909434                              {pd product} {ergonomic}
    uintx ProfiledCodeHeapSize                     = 122909434                              {pd product} {ergonomic}
    uintx ReservedCodeCacheSize                    = 251658240                              {pd product} {ergonomic}
     bool SegmentedCodeCache                       = true                                      {product} {ergonomic}
   size_t SoftMaxHeapSize                          = 1579155456                             {manageable} {ergonomic}
     bool UseCompressedClassPointers               = true                           {product lp64_product} {ergonomic}
     bool UseCompressedOops                        = true                           {product lp64_product} {ergonomic}
     bool UseG1GC                                  = true                                      {product} {ergonomic}
     bool UseLargePagesIndividualAllocation        = false                                  {pd product} {ergonomic}

Logging:
Log output configuration:
 #0: stdout all=off uptime,level,tags foldmultilines=false
 #1: stderr all=off uptime,level,tags foldmultilines=false

Environment Variables:
PATH=D:\Ruby31-x64\bin;C:\Users\Home\Desktop\4semestr\MMVP\bin;C:\Users\Home\Desktop\4semestr\MMVP\utils\bin;C:\Program Files (x86)\Atmel\AVR Tools\AVR Toolchain\bin;C:\Program Files\Common Files\Oracle\Java\javapath;C:\Windows\system32;C:\Windows;C:\Windows\System32\Wbem;C:\Windows\System32\WindowsPowerShell\v1.0\;C:\Windows\System32\OpenSSH\;C:\Program Files (x86)\ATI Technologies\ATI.ACE\Core-Static;C:\Program Files (x86)\NVIDIA Corporation\PhysX\Common;C:\Program Files (x86)\GNU Arm Embedded Toolchain\10 2021.10\bin;C:\Program Files (x86)\GNU Arm Embedded Toolchain\10 2021.10\arm-none-eabi\bin;C:\Program Files (x86)\Microsoft SQL Server\150\DTS\Binn\;C:\Program Files\Azure Data Studio\bin;C:\Program Files\Microsoft SQL Server\Client SDK\ODBC\170\Tools\Binn\;C:\Program Files (x86)\Microsoft SQL Server\150\Tools\Binn\;C:\Program Files\Microsoft SQL Server\150\Tools\Binn\;C:\Program Files\Microsoft SQL Server\150\DTS\Binn\;C:\Program Files\Git\cmd;C:\Program Files\dotnet\;D:\RaRose\common;C:\Program Files\Microsoft\Web Platform Installer\;C:\Program Files (x86)\Microsoft ASP.NET\ASP.NET Web Pages\v1.0\;C:\Program Files\Microsoft SQL Server\110\Tools\Binn\;D:\mysql-8.0.31-winx64\bin;C:\Program Files (x86)\GNU Arm Embedded Toolchain\10 2021.10\bin;C:\Users\Home\AppData\Local\Microsoft\WindowsApps;D:\Вижла\Microsoft VS Code\bin;C:\Users\Home\.dotnet\tools;C:\Program Files\Azure Data Studio\bin;C:\Users\Home\AppData\Local\atom\bin;C:\Users\Home\.dotnet\tools;C:\Program Files\JetBrains\IntelliJ IDEA 2022.2.2\bin;
USERNAME=Home
OS=Windows_NT
PROCESSOR_IDENTIFIER=Intel64 Family 6 Model 142 Stepping 10, GenuineIntel
TMP=C:\Users\Home\AppData\Local\Temp
TEMP=C:\Users\Home\AppData\Local\Temp



---------------  S Y S T E M  ---------------

OS:
 Windows 10 , 64 bit Build 17763 (10.0.17763.3287)
OS uptime: 25 days 10:30 hours

CPU: total 8 (initial active 8) (4 cores per cpu, 2 threads per core) family 6 model 142 stepping 10 microcode 0xe0, cx8, cmov, fxsr, ht, mmx, 3dnowpref, sse, sse2, sse3, ssse3, sse4.1, sse4.2, popcnt, lzcnt, tsc, tscinvbit, avx, avx2, aes, erms, clmul, bmi1, bmi2, adx, fma, vzeroupper, clflush, clflushopt, rdtscp

Memory: 4k page, system-wide physical 6022M (920M free)
TotalPageFile size 12686M (AvailPageFile size 2316M)
current process WorkingSet (physical memory assigned to process): 155M, peak: 173M
current process commit charge ("private bytes"): 243M, peak: 263M

vm_info: OpenJDK 64-Bit Server VM (19+36-2238) for windows-amd64 JRE (19+36-2238), built on 2022-08-12T20:29:01Z by "mach5one" with MS VC++ 17.1 (VS2022)

END.
