#
# A fatal error has been detected by the Java Runtime Environment:
#
#  EXCEPTION_ACCESS_VIOLATION (0xc0000005) at pc=0x00007ffb08ec63b7, pid=17928, tid=14772
#
# JRE version: OpenJDK Runtime Environment (19.0+36) (build 19+36-2238)
# Java VM: OpenJDK 64-Bit Server VM (19+36-2238, mixed mode, sharing, tiered, compressed oops, compressed class ptrs, g1 gc, windows-amd64)
# Problematic frame:
# C  [glass.dll+0x263b7]
#
# No core dump will be written. Minidumps are not enabled by default on client versions of Windows
#
# If you would like to submit a bug report, please visit:
#   https://bugreport.java.com/bugreport/crash.jsp
#

---------------  S U M M A R Y ------------

Command Line: -javaagent:C:\Program Files\JetBrains\IntelliJ IDEA 2022.2.2\lib\idea_rt.jar=41499:C:\Program Files\JetBrains\IntelliJ IDEA 2022.2.2\bin -Dfile.encoding=UTF-8 -Dsun.stdout.encoding=UTF-8 -Dsun.stderr.encoding=UTF-8 --module-path=D:\5семестр\курсач\kursach\target\classes;C:\Users\Home\.m2\repository\org\openjfx\javafx-graphics\19-ea+7\javafx-graphics-19-ea+7-win.jar;C:\Users\Home\.m2\repository\org\openjfx\javafx-controls\19-ea+7\javafx-controls-19-ea+7-win.jar;C:\Users\Home\.m2\repository\org\openjfx\javafx-base\19-ea+7\javafx-base-19-ea+7-win.jar;C:\Users\Home\.m2\repository\org\openjfx\javafx-fxml\19-ea+7\javafx-fxml-19-ea+7-win.jar -Djdk.module.main=com.example.kursach com.example.kursach/com.example.kursach.client.StartClient

Host: Intel(R) Core(TM) i5-8250U CPU @ 1.60GHz, 8 cores, 5G,  Windows 10 , 64 bit Build 17763 (10.0.17763.3287)
Time: Thu Nov 10 23:37:21 2022 Беларусь (зима) elapsed time: 45.321692 seconds (0d 0h 0m 45s)

---------------  T H R E A D  ---------------

Current thread (0x0000015ed6b01690):  VMThread "VM Thread" [stack: 0x00000027c7b00000,0x00000027c7c00000] [id=14772]

Stack: [0x00000027c7b00000,0x00000027c7c00000],  sp=0x00000027c7bfeed0,  free space=1019k
Native frames: (J=compiled Java code, j=interpreted, Vv=VM code, C=native code)
C  [glass.dll+0x263b7]


siginfo: EXCEPTION_ACCESS_VIOLATION (0xc0000005), reading address 0x0000000000000000


Registers:
RAX=0x0000000000000000, RBX=0x0000015ed6b09660, RCX=0x0000015ed6b01690, RDX=0x00000027c7bfeed0
RSP=0x00000027c7bfeed0, RBP=0x0000015edb621b38, RSI=0x0000015edb621b10, RDI=0x0000b0e6bf232da6
R8 =0x0000000000010002, R9 =0x0000b0e6bf232da6, R10=0x0000015eb73e00c0, R11=0x0000015edb641c50
R12=0x00007ffb08ec3cf0, R13=0x00007ffaf39b72a0, R14=0x00000027c7bfefc8, R15=0x0000015edb621b10
RIP=0x00007ffb08ec63b7, EFLAGS=0x0000000000010202


Register to memory mapping:

RIP=0x00007ffb08ec63b7 glass.dll
RAX=0x0 is NULL
RBX=0x0000015ed6b09660 is a global jni handle
RCX=0x0000015ed6b01690 points into unknown readable memory: 0x00007ffaf37c45d8 | d8 45 7c f3 fa 7f 00 00
RDX=0x00000027c7bfeed0 points into unknown readable memory: 0x0000000000000000 | 00 00 00 00 00 00 00 00
RSP=0x00000027c7bfeed0 points into unknown readable memory: 0x0000000000000000 | 00 00 00 00 00 00 00 00
RBP=0x0000015edb621b38 points into unknown readable memory: 0x0000b0e6bf232da6 | a6 2d 23 bf e6 b0 00 00
RSI=0x0000015edb621b10 points into unknown readable memory: 0x3b0eb2e6bf3cd364 | 64 d3 3c bf e6 b2 0e 3b
RDI=0x0000b0e6bf232da6 is an unknown value
R8 =0x0000000000010002 is an unknown value
R9 =0x0000b0e6bf232da6 is an unknown value
R10=0x0000015eb73e00c0 points into unknown readable memory: 0x0000000000cc0001 | 01 00 cc 00 00 00 00 00
R11=0x0000015edb641c50 points into unknown readable memory: 0x0000000000000000 | 00 00 00 00 00 00 00 00
R12=0x00007ffb08ec3cf0 glass.dll
R13=0x00007ffaf39b72a0 jvm.dll
R14=0x00000027c7bfefc8 points into unknown readable memory: 0x00000027c7bfefb0 | b0 ef bf c7 27 00 00 00
R15=0x0000015edb621b10 points into unknown readable memory: 0x3b0eb2e6bf3cd364 | 64 d3 3c bf e6 b2 0e 3b


Top of Stack: (sp=0x00000027c7bfeed0)
0x00000027c7bfeed0:   0000000000000000 0000015e00000000
0x00000027c7bfeee0:   0000015edb621b10 00000008000000ae
0x00000027c7bfeef0:   0000015edb621b18 00007ffb4c651cf6
0x00000027c7bfef00:   0000b0e6bf232da6 0000015e00000000
0x00000027c7bfef10:   0000000000000001 00007ffb4c64f114
0x00000027c7bfef20:   fffffffffffffffe 0000000000000001
0x00000027c7bfef30:   0000000000000001 00007ffb08ea0000
0x00000027c7bfef40:   00000027c7bfefb8 00007ffb4c651c1b
0x00000027c7bfef50:   0000000000000000 00000027c7bfefc8
0x00000027c7bfef60:   00000027c7bff290 00007ffb4c72c130
0x00000027c7bfef70:   0000000000000001 00007ffb4c651bd4
0x00000027c7bfef80:   0000000000000000 0000000000000001
0x00000027c7bfef90:   00007ffb00000001 00000027c7bfefb8
0x00000027c7bfefa0:   0000000000000006 00007ffb08ec3b7d
0x00000027c7bfefb0:   00007ffb08ed9f88 00007ffb00000002
0x00000027c7bfefc0:   0000000000000002 00000027c7bfefb0 

Instructions: (pc=0x00007ffb08ec63b7)
0x00007ffb08ec62b7:   8b 4d 58 e8 7d cf ff ff 48 8b 4d 60 e8 74 cf ff
0x00007ffb08ec62c7:   ff 48 8b 95 80 00 00 00 48 8b 8d 18 01 00 00 e8
0x00007ffb08ec62d7:   66 c4 ff ff 33 d2 33 c9 e8 bc e1 ff ff 90 48 89
0x00007ffb08ec62e7:   54 24 10 55 48 83 ec 20 48 8b ea 48 b8 00 00 00
0x00007ffb08ec62f7:   00 00 00 00 00 48 83 c4 20 5d c3 cc 40 55 48 8b
0x00007ffb08ec6307:   ea 48 8b 01 33 c9 81 38 05 00 00 c0 0f 94 c1 8b
0x00007ffb08ec6317:   c1 5d c3 cc 40 55 48 83 ec 20 48 8b ea 8a 4d 40
0x00007ffb08ec6327:   48 83 c4 20 5d e9 63 d3 ff ff cc 40 55 48 83 ec
0x00007ffb08ec6337:   20 48 8b ea 8a 4d 20 e8 51 d3 ff ff 90 48 83 c4
0x00007ffb08ec6347:   20 5d c3 cc 40 55 48 83 ec 20 48 8b ea 48 83 c4
0x00007ffb08ec6357:   20 5d e9 b2 d1 ff ff cc 40 55 48 83 ec 30 48 8b
0x00007ffb08ec6367:   ea 48 8b 01 8b 10 48 89 4c 24 28 89 54 24 20 4c
0x00007ffb08ec6377:   8d 0d 53 d6 ff ff 4c 8b 45 70 8b 55 68 48 8b 4d
0x00007ffb08ec6387:   60 e8 f3 d0 ff ff 90 48 83 c4 30 5d c3 cc cc cc
0x00007ffb08ec6397:   cc cc cc cc cc cc cc cc cc 40 53 48 83 ec 20 48
0x00007ffb08ec63a7:   8b 1d db 35 01 00 48 85 db 74 16 e8 79 8b ff ff
0x00007ffb08ec63b7:   4c 8b 00 48 8b d3 48 8b c8 41 ff 90 b0 00 00 00
0x00007ffb08ec63c7:   90 48 83 c4 20 5b c3 cc cc 40 53 48 83 ec 20 48
0x00007ffb08ec63d7:   8b 1d 4b 37 01 00 48 85 db 74 57 b8 ff ff ff ff
0x00007ffb08ec63e7:   f0 0f c1 43 10 83 f8 01 75 3d 48 85 db 74 38 48
0x00007ffb08ec63f7:   8b 0b 48 85 c9 74 0d ff 15 a4 0e 00 00 48 c7 03
0x00007ffb08ec6407:   00 00 00 00 48 8b 4b 08 48 85 c9 74 0d e8 23 ce
0x00007ffb08ec6417:   ff ff 48 c7 43 08 00 00 00 00 ba 18 00 00 00 48
0x00007ffb08ec6427:   8b cb e8 0e ce ff ff 48 c7 05 ef 36 01 00 00 00
0x00007ffb08ec6437:   00 00 48 83 c4 20 5b c3 cc 40 53 48 83 ec 20 48
0x00007ffb08ec6447:   8b 1d bb 36 01 00 48 85 db 74 57 b8 ff ff ff ff
0x00007ffb08ec6457:   f0 0f c1 43 10 83 f8 01 75 3d 48 85 db 74 38 48
0x00007ffb08ec6467:   8b 0b 48 85 c9 74 0d ff 15 34 0e 00 00 48 c7 03
0x00007ffb08ec6477:   00 00 00 00 48 8b 4b 08 48 85 c9 74 0d e8 b3 cd
0x00007ffb08ec6487:   ff ff 48 c7 43 08 00 00 00 00 ba 18 00 00 00 48
0x00007ffb08ec6497:   8b cb e8 9e cd ff ff 48 c7 05 5f 36 01 00 00 00
0x00007ffb08ec64a7:   00 00 48 83 c4 20 5b c3 cc 40 53 48 83 ec 20 48 


Stack slot to memory mapping:
stack at sp + 0 slots: 0x0 is NULL
stack at sp + 1 slots: 0x0000015e00000000 is an unknown value
stack at sp + 2 slots: 0x0000015edb621b10 points into unknown readable memory: 0x3b0eb2e6bf3cd364 | 64 d3 3c bf e6 b2 0e 3b
stack at sp + 3 slots: 0x00000008000000ae is pointing into metadata
stack at sp + 4 slots: 0x0000015edb621b18 points into unknown readable memory: 0x0000b0e6bf232da6 | a6 2d 23 bf e6 b0 00 00
stack at sp + 5 slots: 0x00007ffb4c651cf6 ucrtbase.dll
stack at sp + 6 slots: 0x0000b0e6bf232da6 is an unknown value
stack at sp + 7 slots: 0x0000015e00000000 is an unknown value

VM_Operation (0x00000027c91fee60): Exit, mode: safepoint, requested by thread 0x0000015edbcbcea0


---------------  P R O C E S S  ---------------

Threads class SMR info:
_java_thread_list=0x0000015edc1ce560, length=20, elements={
0x0000015eb9681eb0, 0x0000015ed6b1e9c0, 0x0000015ed6b217c0, 0x0000015ed6b28260,
0x0000015ed6b2e7b0, 0x0000015ed6b2dd10, 0x0000015ed6b587e0, 0x0000015ed6b5b580,
0x0000015ed6b2f250, 0x0000015ed6b30790, 0x0000015ed6b2f7a0, 0x0000015ed6b2fcf0,
0x0000015ed6b2e260, 0x0000015ed6b2ed00, 0x0000015ed6b30240, 0x0000015ed6b31230,
0x0000015edbcc1e50, 0x0000015edbcbe930, 0x0000015edbcc23a0, 0x0000015edbcbcea0
}

Java Threads: ( => current thread )
  0x0000015eb9681eb0 JavaThread "main" [_thread_blocked, id=10536, stack(0x00000027c7500000,0x00000027c7600000)]
  0x0000015ed6b1e9c0 JavaThread "Reference Handler" daemon [_thread_blocked, id=18360, stack(0x00000027c7c00000,0x00000027c7d00000)]
  0x0000015ed6b217c0 JavaThread "Finalizer" daemon [_thread_blocked, id=5552, stack(0x00000027c7d00000,0x00000027c7e00000)]
  0x0000015ed6b28260 JavaThread "Attach Listener" daemon [_thread_blocked, id=12664, stack(0x00000027c7f00000,0x00000027c8000000)]
  0x0000015ed6b2e7b0 JavaThread "Service Thread" daemon [_thread_blocked, id=13972, stack(0x00000027c8000000,0x00000027c8100000)]
  0x0000015ed6b2dd10 JavaThread "Monitor Deflation Thread" daemon [_thread_blocked, id=4576, stack(0x00000027c8100000,0x00000027c8200000)]
  0x0000015ed6b587e0 JavaThread "C2 CompilerThread0" daemon [_thread_blocked, id=15968, stack(0x00000027c8200000,0x00000027c8300000)]
  0x0000015ed6b5b580 JavaThread "C1 CompilerThread0" daemon [_thread_blocked, id=13060, stack(0x00000027c8300000,0x00000027c8400000)]
  0x0000015ed6b2f250 JavaThread "Sweeper thread" daemon [_thread_blocked, id=15936, stack(0x00000027c8400000,0x00000027c8500000)]
  0x0000015ed6b30790 JavaThread "Common-Cleaner" daemon [_thread_blocked, id=2808, stack(0x00000027c8500000,0x00000027c8600000)]
  0x0000015ed6b2f7a0 JavaThread "Monitor Ctrl-Break" daemon [_thread_in_native, id=17964, stack(0x00000027c8800000,0x00000027c8900000)]
  0x0000015ed6b2fcf0 JavaThread "Notification Thread" daemon [_thread_blocked, id=3120, stack(0x00000027c8900000,0x00000027c8a00000)]
  0x0000015ed6b2e260 JavaThread "QuantumRenderer-0" daemon [_thread_blocked, id=10404, stack(0x00000027c8b00000,0x00000027c8c00000)]
  0x0000015ed6b2ed00 JavaThread "InvokeLaterDispatcher" daemon [_thread_blocked, id=10528, stack(0x00000027c8c00000,0x00000027c8d00000)]
  0x0000015ed6b30240 JavaThread "JavaFX Application Thread" [_thread_in_native, id=6232, stack(0x00000027c8d00000,0x00000027c8e00000)]
  0x0000015ed6b31230 JavaThread "Thread-1" daemon [_thread_in_native, id=10772, stack(0x00000027c8600000,0x00000027c8700000)]
  0x0000015edbcc1e50 JavaThread "JavaFX-Launcher" [_thread_blocked, id=4020, stack(0x00000027c8700000,0x00000027c8800000)]
  0x0000015edbcbe930 JavaThread "Prism Font Disposer" daemon [_thread_blocked, id=10152, stack(0x00000027c9a00000,0x00000027c9b00000)]
  0x0000015edbcc23a0 JavaThread "Cleaner-0" daemon [_thread_blocked, id=7680, stack(0x00000027c9b00000,0x00000027c9c00000)]
  0x0000015edbcbcea0 JavaThread "SIGINT handler" daemon [_thread_blocked, id=8292, stack(0x00000027c9100000,0x00000027c9200000)]

Other Threads:
=>0x0000015ed6b01690 VMThread "VM Thread" [stack: 0x00000027c7b00000,0x00000027c7c00000] [id=14772]
  0x0000015eb96d1ed0 WorkerThread "GC Thread#0" [stack: 0x00000027c7600000,0x00000027c7700000] [id=16468]
  0x0000015edbc9a950 WorkerThread "GC Thread#1" [stack: 0x00000027c9200000,0x00000027c9300000] [id=18068]
  0x0000015edbc9b1c0 WorkerThread "GC Thread#2" [stack: 0x00000027c9300000,0x00000027c9400000] [id=13444]
  0x0000015edbc9bd00 WorkerThread "GC Thread#3" [stack: 0x00000027c9400000,0x00000027c9500000] [id=15440]
  0x0000015edbc9bfd0 WorkerThread "GC Thread#4" [stack: 0x00000027c9500000,0x00000027c9600000] [id=9316]
  0x0000015edbc9a680 WorkerThread "GC Thread#5" [stack: 0x00000027c9600000,0x00000027c9700000] [id=12972]
  0x0000015edbc9aef0 WorkerThread "GC Thread#6" [stack: 0x00000027c9c00000,0x00000027c9d00000] [id=13924]
  0x0000015edbc9b490 WorkerThread "GC Thread#7" [stack: 0x00000027c9d00000,0x00000027c9e00000] [id=5576]
  0x0000015eb96df990 ConcurrentGCThread "G1 Main Marker" terminated
  0x0000015eb96e1ea0 WorkerThread "G1 Conc#0" [stack: 0x00000027c7800000,0x00000027c7900000] [id=14700]
  0x0000015ed69c20b0 ConcurrentGCThread "G1 Refine#0" terminated
  0x0000015ed69c2b00 ConcurrentGCThread "G1 Service" terminated

Threads with active compile tasks:

VM state: at safepoint (shutting down)

VM Mutex/Monitor currently owned by a thread:  ([mutex/lock_event])
[0x0000015eb967e250] Threads_lock - owner thread: 0x0000015ed6b01690
[0x0000015eb967e2e0] Heap_lock - owner thread: 0x0000015edbcbcea0

Heap address: 0x00000000a1e00000, size: 1506 MB, Compressed Oops mode: 32-bit

CDS archive(s) mapped at: [0x0000000800000000-0x0000000800c40000-0x0000000800c40000), size 12845056, SharedBaseAddress: 0x0000000800000000, ArchiveRelocationMode: 0.
Compressed class space mapped at: 0x0000000801000000-0x0000000841000000, reserved size: 1073741824
Narrow klass base: 0x0000000800000000, Narrow klass shift: 0, Narrow klass range: 0x100000000

GC Precious Log:
 CardTable entry size: 512
 Card Set container configuration: InlinePtr #cards 5 size 8 Array Of Cards #cards 12 size 40 Howl #buckets 4 coarsen threshold 1843 Howl Bitmap #cards 512 size 80 coarsen threshold 460 Card regions per heap region 1 cards per card region 2048
 CPUs: 8 total, 8 available
 Memory: 6022M
 Large Page Support: Disabled
 NUMA Support: Disabled
 Compressed Oops: Enabled (32-bit)
 Heap Region Size: 1M
 Heap Min Capacity: 8M
 Heap Initial Capacity: 96M
 Heap Max Capacity: 1506M
 Pre-touch: Disabled
 Parallel Workers: 8
 Concurrent Workers: 2
 Concurrent Refinement Workers: 8
 Periodic GC: Disabled

Heap:
 garbage-first heap   total 98304K, used 19407K [0x00000000a1e00000, 0x0000000100000000)
  region size 1024K, 15 young (15360K), 5 survivors (5120K)
 Metaspace       used 16117K, committed 16384K, reserved 1114112K
  class space    used 2116K, committed 2240K, reserved 1048576K

Heap Regions: E=young(eden), S=young(survivor), O=old, HS=humongous(starts), HC=humongous(continues), CS=collection set, F=free, OA=open archive, CA=closed archive, TAMS=top-at-mark-start (previous, next)
|   0|0x00000000a1e00000, 0x00000000a1f00000, 0x00000000a1f00000|100%| O|  |TAMS 0x00000000a1e00000, 0x00000000a1e00000| Untracked 
|   1|0x00000000a1f00000, 0x00000000a2000000, 0x00000000a2000000|100%|HS|  |TAMS 0x00000000a1f00000, 0x00000000a1f00000| Complete 
|   2|0x00000000a2000000, 0x00000000a2100000, 0x00000000a2100000|100%|HC|  |TAMS 0x00000000a2000000, 0x00000000a2000000| Complete 
|   3|0x00000000a2100000, 0x00000000a2200000, 0x00000000a2200000|100%| O|  |TAMS 0x00000000a2100000, 0x00000000a2100000| Untracked 
|   4|0x00000000a2200000, 0x00000000a2300000, 0x00000000a2300000|100%| O|  |TAMS 0x00000000a2200000, 0x00000000a2200000| Untracked 
|   5|0x00000000a2300000, 0x00000000a2352000, 0x00000000a2400000| 32%| O|  |TAMS 0x00000000a2300000, 0x00000000a2300000| Untracked 
|   6|0x00000000a2400000, 0x00000000a2400000, 0x00000000a2500000|  0%| F|  |TAMS 0x00000000a2400000, 0x00000000a2400000| Untracked 
|   7|0x00000000a2500000, 0x00000000a2500000, 0x00000000a2600000|  0%| F|  |TAMS 0x00000000a2500000, 0x00000000a2500000| Untracked 
|   8|0x00000000a2600000, 0x00000000a2600000, 0x00000000a2700000|  0%| F|  |TAMS 0x00000000a2600000, 0x00000000a2600000| Untracked 
|   9|0x00000000a2700000, 0x00000000a2700000, 0x00000000a2800000|  0%| F|  |TAMS 0x00000000a2700000, 0x00000000a2700000| Untracked 
|  10|0x00000000a2800000, 0x00000000a2800000, 0x00000000a2900000|  0%| F|  |TAMS 0x00000000a2800000, 0x00000000a2800000| Untracked 
|  11|0x00000000a2900000, 0x00000000a2900000, 0x00000000a2a00000|  0%| F|  |TAMS 0x00000000a2900000, 0x00000000a2900000| Untracked 
|  12|0x00000000a2a00000, 0x00000000a2a00000, 0x00000000a2b00000|  0%| F|  |TAMS 0x00000000a2a00000, 0x00000000a2a00000| Untracked 
|  13|0x00000000a2b00000, 0x00000000a2b00000, 0x00000000a2c00000|  0%| F|  |TAMS 0x00000000a2b00000, 0x00000000a2b00000| Untracked 
|  14|0x00000000a2c00000, 0x00000000a2c00000, 0x00000000a2d00000|  0%| F|  |TAMS 0x00000000a2c00000, 0x00000000a2c00000| Untracked 
|  15|0x00000000a2d00000, 0x00000000a2d00000, 0x00000000a2e00000|  0%| F|  |TAMS 0x00000000a2d00000, 0x00000000a2d00000| Untracked 
|  16|0x00000000a2e00000, 0x00000000a2e00000, 0x00000000a2f00000|  0%| F|  |TAMS 0x00000000a2e00000, 0x00000000a2e00000| Untracked 
|  17|0x00000000a2f00000, 0x00000000a2f00000, 0x00000000a3000000|  0%| F|  |TAMS 0x00000000a2f00000, 0x00000000a2f00000| Untracked 
|  18|0x00000000a3000000, 0x00000000a3000000, 0x00000000a3100000|  0%| F|  |TAMS 0x00000000a3000000, 0x00000000a3000000| Untracked 
|  19|0x00000000a3100000, 0x00000000a3100000, 0x00000000a3200000|  0%| F|  |TAMS 0x00000000a3100000, 0x00000000a3100000| Untracked 
|  20|0x00000000a3200000, 0x00000000a3200000, 0x00000000a3300000|  0%| F|  |TAMS 0x00000000a3200000, 0x00000000a3200000| Untracked 
|  21|0x00000000a3300000, 0x00000000a3300000, 0x00000000a3400000|  0%| F|  |TAMS 0x00000000a3300000, 0x00000000a3300000| Untracked 
|  22|0x00000000a3400000, 0x00000000a3400000, 0x00000000a3500000|  0%| F|  |TAMS 0x00000000a3400000, 0x00000000a3400000| Untracked 
|  23|0x00000000a3500000, 0x00000000a3500000, 0x00000000a3600000|  0%| F|  |TAMS 0x00000000a3500000, 0x00000000a3500000| Untracked 
|  24|0x00000000a3600000, 0x00000000a3600000, 0x00000000a3700000|  0%| F|  |TAMS 0x00000000a3600000, 0x00000000a3600000| Untracked 
|  25|0x00000000a3700000, 0x00000000a3700000, 0x00000000a3800000|  0%| F|  |TAMS 0x00000000a3700000, 0x00000000a3700000| Untracked 
|  26|0x00000000a3800000, 0x00000000a3800000, 0x00000000a3900000|  0%| F|  |TAMS 0x00000000a3800000, 0x00000000a3800000| Untracked 
|  27|0x00000000a3900000, 0x00000000a3900000, 0x00000000a3a00000|  0%| F|  |TAMS 0x00000000a3900000, 0x00000000a3900000| Untracked 
|  28|0x00000000a3a00000, 0x00000000a3a00000, 0x00000000a3b00000|  0%| F|  |TAMS 0x00000000a3a00000, 0x00000000a3a00000| Untracked 
|  29|0x00000000a3b00000, 0x00000000a3b00000, 0x00000000a3c00000|  0%| F|  |TAMS 0x00000000a3b00000, 0x00000000a3b00000| Untracked 
|  30|0x00000000a3c00000, 0x00000000a3c00000, 0x00000000a3d00000|  0%| F|  |TAMS 0x00000000a3c00000, 0x00000000a3c00000| Untracked 
|  31|0x00000000a3d00000, 0x00000000a3d00000, 0x00000000a3e00000|  0%| F|  |TAMS 0x00000000a3d00000, 0x00000000a3d00000| Untracked 
|  32|0x00000000a3e00000, 0x00000000a3e00000, 0x00000000a3f00000|  0%| F|  |TAMS 0x00000000a3e00000, 0x00000000a3e00000| Untracked 
|  33|0x00000000a3f00000, 0x00000000a3f00000, 0x00000000a4000000|  0%| F|  |TAMS 0x00000000a3f00000, 0x00000000a3f00000| Untracked 
|  34|0x00000000a4000000, 0x00000000a4000000, 0x00000000a4100000|  0%| F|  |TAMS 0x00000000a4000000, 0x00000000a4000000| Untracked 
|  35|0x00000000a4100000, 0x00000000a4100000, 0x00000000a4200000|  0%| F|  |TAMS 0x00000000a4100000, 0x00000000a4100000| Untracked 
|  36|0x00000000a4200000, 0x00000000a4200000, 0x00000000a4300000|  0%| F|  |TAMS 0x00000000a4200000, 0x00000000a4200000| Untracked 
|  37|0x00000000a4300000, 0x00000000a4300000, 0x00000000a4400000|  0%| F|  |TAMS 0x00000000a4300000, 0x00000000a4300000| Untracked 
|  38|0x00000000a4400000, 0x00000000a4400000, 0x00000000a4500000|  0%| F|  |TAMS 0x00000000a4400000, 0x00000000a4400000| Untracked 
|  39|0x00000000a4500000, 0x00000000a4500000, 0x00000000a4600000|  0%| F|  |TAMS 0x00000000a4500000, 0x00000000a4500000| Untracked 
|  40|0x00000000a4600000, 0x00000000a4600000, 0x00000000a4700000|  0%| F|  |TAMS 0x00000000a4600000, 0x00000000a4600000| Untracked 
|  41|0x00000000a4700000, 0x00000000a4700000, 0x00000000a4800000|  0%| F|  |TAMS 0x00000000a4700000, 0x00000000a4700000| Untracked 
|  42|0x00000000a4800000, 0x00000000a4800000, 0x00000000a4900000|  0%| F|  |TAMS 0x00000000a4800000, 0x00000000a4800000| Untracked 
|  43|0x00000000a4900000, 0x00000000a4900000, 0x00000000a4a00000|  0%| F|  |TAMS 0x00000000a4900000, 0x00000000a4900000| Untracked 
|  44|0x00000000a4a00000, 0x00000000a4a00000, 0x00000000a4b00000|  0%| F|  |TAMS 0x00000000a4a00000, 0x00000000a4a00000| Untracked 
|  45|0x00000000a4b00000, 0x00000000a4b00000, 0x00000000a4c00000|  0%| F|  |TAMS 0x00000000a4b00000, 0x00000000a4b00000| Untracked 
|  46|0x00000000a4c00000, 0x00000000a4c00000, 0x00000000a4d00000|  0%| F|  |TAMS 0x00000000a4c00000, 0x00000000a4c00000| Untracked 
|  47|0x00000000a4d00000, 0x00000000a4d00000, 0x00000000a4e00000|  0%| F|  |TAMS 0x00000000a4d00000, 0x00000000a4d00000| Untracked 
|  48|0x00000000a4e00000, 0x00000000a4e00000, 0x00000000a4f00000|  0%| F|  |TAMS 0x00000000a4e00000, 0x00000000a4e00000| Untracked 
|  49|0x00000000a4f00000, 0x00000000a4f00000, 0x00000000a5000000|  0%| F|  |TAMS 0x00000000a4f00000, 0x00000000a4f00000| Untracked 
|  50|0x00000000a5000000, 0x00000000a5000000, 0x00000000a5100000|  0%| F|  |TAMS 0x00000000a5000000, 0x00000000a5000000| Untracked 
|  51|0x00000000a5100000, 0x00000000a5100000, 0x00000000a5200000|  0%| F|  |TAMS 0x00000000a5100000, 0x00000000a5100000| Untracked 
|  52|0x00000000a5200000, 0x00000000a5200000, 0x00000000a5300000|  0%| F|  |TAMS 0x00000000a5200000, 0x00000000a5200000| Untracked 
|  53|0x00000000a5300000, 0x00000000a5300000, 0x00000000a5400000|  0%| F|  |TAMS 0x00000000a5300000, 0x00000000a5300000| Untracked 
|  54|0x00000000a5400000, 0x00000000a5400000, 0x00000000a5500000|  0%| F|  |TAMS 0x00000000a5400000, 0x00000000a5400000| Untracked 
|  55|0x00000000a5500000, 0x00000000a55a1ea8, 0x00000000a5600000| 63%| S|CS|TAMS 0x00000000a5500000, 0x00000000a5500000| Complete 
|  56|0x00000000a5600000, 0x00000000a5700000, 0x00000000a5700000|100%| S|CS|TAMS 0x00000000a5600000, 0x00000000a5600000| Complete 
|  57|0x00000000a5700000, 0x00000000a5800000, 0x00000000a5800000|100%| S|CS|TAMS 0x00000000a5700000, 0x00000000a5700000| Complete 
|  58|0x00000000a5800000, 0x00000000a5900000, 0x00000000a5900000|100%| S|CS|TAMS 0x00000000a5800000, 0x00000000a5800000| Complete 
|  59|0x00000000a5900000, 0x00000000a5a00000, 0x00000000a5a00000|100%| S|CS|TAMS 0x00000000a5900000, 0x00000000a5900000| Complete 
|  60|0x00000000a5a00000, 0x00000000a5a00000, 0x00000000a5b00000|  0%| F|  |TAMS 0x00000000a5a00000, 0x00000000a5a00000| Untracked 
|  61|0x00000000a5b00000, 0x00000000a5b00000, 0x00000000a5c00000|  0%| F|  |TAMS 0x00000000a5b00000, 0x00000000a5b00000| Untracked 
|  62|0x00000000a5c00000, 0x00000000a5c00000, 0x00000000a5d00000|  0%| F|  |TAMS 0x00000000a5c00000, 0x00000000a5c00000| Untracked 
|  63|0x00000000a5d00000, 0x00000000a5d00000, 0x00000000a5e00000|  0%| F|  |TAMS 0x00000000a5d00000, 0x00000000a5d00000| Untracked 
|  64|0x00000000a5e00000, 0x00000000a5e00000, 0x00000000a5f00000|  0%| F|  |TAMS 0x00000000a5e00000, 0x00000000a5e00000| Untracked 
|  65|0x00000000a5f00000, 0x00000000a5f00000, 0x00000000a6000000|  0%| F|  |TAMS 0x00000000a5f00000, 0x00000000a5f00000| Untracked 
|  66|0x00000000a6000000, 0x00000000a6000000, 0x00000000a6100000|  0%| F|  |TAMS 0x00000000a6000000, 0x00000000a6000000| Untracked 
|  67|0x00000000a6100000, 0x00000000a6100000, 0x00000000a6200000|  0%| F|  |TAMS 0x00000000a6100000, 0x00000000a6100000| Untracked 
|  68|0x00000000a6200000, 0x00000000a6200000, 0x00000000a6300000|  0%| F|  |TAMS 0x00000000a6200000, 0x00000000a6200000| Untracked 
|  69|0x00000000a6300000, 0x00000000a6300000, 0x00000000a6400000|  0%| F|  |TAMS 0x00000000a6300000, 0x00000000a6300000| Untracked 
|  70|0x00000000a6400000, 0x00000000a6400000, 0x00000000a6500000|  0%| F|  |TAMS 0x00000000a6400000, 0x00000000a6400000| Untracked 
|  71|0x00000000a6500000, 0x00000000a6500000, 0x00000000a6600000|  0%| F|  |TAMS 0x00000000a6500000, 0x00000000a6500000| Untracked 
|  72|0x00000000a6600000, 0x00000000a6600000, 0x00000000a6700000|  0%| F|  |TAMS 0x00000000a6600000, 0x00000000a6600000| Untracked 
|  73|0x00000000a6700000, 0x00000000a6700000, 0x00000000a6800000|  0%| F|  |TAMS 0x00000000a6700000, 0x00000000a6700000| Untracked 
|  74|0x00000000a6800000, 0x00000000a6800000, 0x00000000a6900000|  0%| F|  |TAMS 0x00000000a6800000, 0x00000000a6800000| Untracked 
|  75|0x00000000a6900000, 0x00000000a6900000, 0x00000000a6a00000|  0%| F|  |TAMS 0x00000000a6900000, 0x00000000a6900000| Untracked 
|  76|0x00000000a6a00000, 0x00000000a6a00000, 0x00000000a6b00000|  0%| F|  |TAMS 0x00000000a6a00000, 0x00000000a6a00000| Untracked 
|  77|0x00000000a6b00000, 0x00000000a6b00000, 0x00000000a6c00000|  0%| F|  |TAMS 0x00000000a6b00000, 0x00000000a6b00000| Untracked 
|  78|0x00000000a6c00000, 0x00000000a6c00000, 0x00000000a6d00000|  0%| F|  |TAMS 0x00000000a6c00000, 0x00000000a6c00000| Untracked 
|  79|0x00000000a6d00000, 0x00000000a6d00000, 0x00000000a6e00000|  0%| F|  |TAMS 0x00000000a6d00000, 0x00000000a6d00000| Untracked 
|  80|0x00000000a6e00000, 0x00000000a6e00000, 0x00000000a6f00000|  0%| F|  |TAMS 0x00000000a6e00000, 0x00000000a6e00000| Untracked 
|  81|0x00000000a6f00000, 0x00000000a6f00000, 0x00000000a7000000|  0%| F|  |TAMS 0x00000000a6f00000, 0x00000000a6f00000| Untracked 
|  82|0x00000000a7000000, 0x00000000a7000000, 0x00000000a7100000|  0%| F|  |TAMS 0x00000000a7000000, 0x00000000a7000000| Untracked 
|  83|0x00000000a7100000, 0x00000000a7100000, 0x00000000a7200000|  0%| F|  |TAMS 0x00000000a7100000, 0x00000000a7100000| Untracked 
|  84|0x00000000a7200000, 0x00000000a7200000, 0x00000000a7300000|  0%| F|  |TAMS 0x00000000a7200000, 0x00000000a7200000| Untracked 
|  85|0x00000000a7300000, 0x00000000a7300000, 0x00000000a7400000|  0%| F|  |TAMS 0x00000000a7300000, 0x00000000a7300000| Untracked 
|  86|0x00000000a7400000, 0x00000000a7443148, 0x00000000a7500000| 26%| E|  |TAMS 0x00000000a7400000, 0x00000000a7400000| Complete 
|  87|0x00000000a7500000, 0x00000000a7600000, 0x00000000a7600000|100%| E|CS|TAMS 0x00000000a7500000, 0x00000000a7500000| Complete 
|  88|0x00000000a7600000, 0x00000000a7700000, 0x00000000a7700000|100%| E|CS|TAMS 0x00000000a7600000, 0x00000000a7600000| Complete 
|  89|0x00000000a7700000, 0x00000000a7800000, 0x00000000a7800000|100%| E|CS|TAMS 0x00000000a7700000, 0x00000000a7700000| Complete 
|  90|0x00000000a7800000, 0x00000000a7900000, 0x00000000a7900000|100%| E|CS|TAMS 0x00000000a7800000, 0x00000000a7800000| Complete 
|  91|0x00000000a7900000, 0x00000000a7a00000, 0x00000000a7a00000|100%| E|CS|TAMS 0x00000000a7900000, 0x00000000a7900000| Complete 
|  92|0x00000000a7a00000, 0x00000000a7b00000, 0x00000000a7b00000|100%| E|CS|TAMS 0x00000000a7a00000, 0x00000000a7a00000| Complete 
|  93|0x00000000a7b00000, 0x00000000a7c00000, 0x00000000a7c00000|100%| E|CS|TAMS 0x00000000a7b00000, 0x00000000a7b00000| Complete 
|  94|0x00000000a7c00000, 0x00000000a7d00000, 0x00000000a7d00000|100%| E|CS|TAMS 0x00000000a7c00000, 0x00000000a7c00000| Complete 
|  95|0x00000000a7d00000, 0x00000000a7e00000, 0x00000000a7e00000|100%| E|CS|TAMS 0x00000000a7d00000, 0x00000000a7d00000| Complete 

Card table byte_map: [0x0000015ed0c00000,0x0000015ed0f00000] _byte_map_base: 0x0000015ed06f1000

Marking Bits (Prev, Next): (CMBitMap*) 0x0000015eb96d3420, (CMBitMap*) 0x0000015eb96d3460
 Prev Bits: [0x0000015ed1200000, 0x0000015ed2988000)
 Next Bits: [0x0000015ed2990000, 0x0000015ed4118000)

Polling page: 0x0000015eb7650000

Metaspace:

Usage:
  Non-class:     13.67 MB used.
      Class:      2.07 MB used.
       Both:     15.74 MB used.

Virtual space:
  Non-class space:       64.00 MB reserved,      13.81 MB ( 22%) committed,  1 nodes.
      Class space:        1.00 GB reserved,       2.19 MB ( <1%) committed,  1 nodes.
             Both:        1.06 GB reserved,      16.00 MB (  1%) committed. 

Chunk freelists:
   Non-Class:  2.00 MB
       Class:  1.76 MB
        Both:  3.76 MB

MaxMetaspaceSize: unlimited
CompressedClassSpaceSize: 1.00 GB
Initial GC threshold: 21.00 MB
Current GC threshold: 21.00 MB
CDS: on
MetaspaceReclaimPolicy: balanced
 - commit_granule_bytes: 65536.
 - commit_granule_words: 8192.
 - virtual_space_node_default_size: 8388608.
 - enlarge_chunks_in_place: 1.
 - new_chunks_are_fully_committed: 0.
 - uncommit_free_chunks: 1.
 - use_allocation_guard: 0.


Internal statistics:

num_allocs_failed_limit: 0.
num_arena_births: 332.
num_arena_deaths: 0.
num_vsnodes_births: 2.
num_vsnodes_deaths: 0.
num_space_committed: 256.
num_space_uncommitted: 0.
num_chunks_returned_to_freelist: 0.
num_chunks_taken_from_freelist: 834.
num_chunk_merges: 0.
num_chunk_splits: 581.
num_chunks_enlarged: 440.
num_inconsistent_stats: 0.

CodeHeap 'non-profiled nmethods': size=120000Kb used=1302Kb max_used=1302Kb free=118697Kb
 bounds [0x0000015ec90a0000, 0x0000015ec9310000, 0x0000015ed05d0000]
CodeHeap 'profiled nmethods': size=120000Kb used=6284Kb max_used=6284Kb free=113715Kb
 bounds [0x0000015ec15d0000, 0x0000015ec1c00000, 0x0000015ec8b00000]
CodeHeap 'non-nmethods': size=5760Kb used=1517Kb max_used=1587Kb free=4242Kb
 bounds [0x0000015ec8b00000, 0x0000015ec8d70000, 0x0000015ec90a0000]
 total_blobs=4097 nmethods=3303 adapters=703
 compilation: enabled
              stopped_count=0, restarted_count=0
 full_count=0

Compilation events (20 events):
Event: 41.386 Thread 0x0000015ed6b5b580 nmethod 3296 0x0000015ec1bf1190 code [0x0000015ec1bf1360, 0x0000015ec1bf15d8]
Event: 41.386 Thread 0x0000015ed6b5b580 3293       3       com.sun.javafx.font.PrismFont::getStrike (15 bytes)
Event: 41.386 Thread 0x0000015ed6b5b580 nmethod 3293 0x0000015ec1bf1710 code [0x0000015ec1bf18c0, 0x0000015ec1bf1aa8]
Event: 41.386 Thread 0x0000015ed6b5b580 3298       3       com.sun.javafx.text.TextRun::getWidth (93 bytes)
Event: 41.386 Thread 0x0000015ed6b5b580 nmethod 3298 0x0000015ec1bf1b90 code [0x0000015ec1bf1d80, 0x0000015ec1bf2118]
Event: 41.402 Thread 0x0000015ed6b587e0 nmethod 3280 0x0000015ec91e3a10 code [0x0000015ec91e3c60, 0x0000015ec91e4660]
Event: 41.402 Thread 0x0000015ed6b587e0 3282       4       java.util.ArrayList::elementData (7 bytes)
Event: 41.402 Thread 0x0000015ed6b587e0 nmethod 3282 0x0000015ec91e4f90 code [0x0000015ec91e5120, 0x0000015ec91e51d8]
Event: 41.402 Thread 0x0000015ed6b587e0 3285       4       java.lang.Class::getName (18 bytes)
Event: 41.403 Thread 0x0000015ed6b587e0 nmethod 3285 0x0000015ec91e5290 code [0x0000015ec91e5420, 0x0000015ec91e54c8]
Event: 41.412 Thread 0x0000015ed6b5b580 3299       1       com.sun.javafx.geom.transform.Identity::getType (2 bytes)
Event: 41.412 Thread 0x0000015ed6b587e0 3302       4       java.util.AbstractList$Itr::hasNext (20 bytes)
Event: 41.412 Thread 0x0000015ed6b5b580 nmethod 3299 0x0000015ec91e5590 code [0x0000015ec91e5720, 0x0000015ec91e57f8]
Event: 41.412 Thread 0x0000015ed6b5b580 3300       3       com.sun.javafx.scene.ParentHelper::computeGeomBoundsImpl (12 bytes)
Event: 41.412 Thread 0x0000015ed6b5b580 nmethod 3300 0x0000015ec1bf2290 code [0x0000015ec1bf2460, 0x0000015ec1bf2768]
Event: 41.412 Thread 0x0000015ed6b5b580 3301       3       javafx.scene.Parent$1::doComputeGeomBounds (10 bytes)
Event: 41.413 Thread 0x0000015ed6b5b580 nmethod 3301 0x0000015ec1bf2910 code [0x0000015ec1bf2ac0, 0x0000015ec1bf2d08]
Event: 41.413 Thread 0x0000015ed6b587e0 nmethod 3302 0x0000015ec91e5890 code [0x0000015ec91e5a20, 0x0000015ec91e5ad8]
Event: 44.984 Thread 0x0000015ed6b5b580 3303       3       java.util.HashSet::iterator (13 bytes)
Event: 44.984 Thread 0x0000015ed6b5b580 nmethod 3303 0x0000015ec1bf2e10 code [0x0000015ec1bf2fc0, 0x0000015ec1bf3258]

GC Heap History (4 events):
Event: 0.621 GC heap before
{Heap before GC invocations=0 (full 0):
 garbage-first heap   total 98304K, used 22528K [0x00000000a1e00000, 0x0000000100000000)
  region size 1024K, 23 young (23552K), 0 survivors (0K)
 Metaspace       used 6250K, committed 6464K, reserved 1114112K
  class space    used 722K, committed 832K, reserved 1048576K
}
Event: 0.625 GC heap after
{Heap after GC invocations=1 (full 0):
 garbage-first heap   total 98304K, used 3217K [0x00000000a1e00000, 0x0000000100000000)
  region size 1024K, 3 young (3072K), 3 survivors (3072K)
 Metaspace       used 6250K, committed 6464K, reserved 1114112K
  class space    used 722K, committed 832K, reserved 1048576K
}
Event: 1.315 GC heap before
{Heap before GC invocations=1 (full 0):
 garbage-first heap   total 98304K, used 38033K [0x00000000a1e00000, 0x0000000100000000)
  region size 1024K, 36 young (36864K), 3 survivors (3072K)
 Metaspace       used 14610K, committed 14976K, reserved 1114112K
  class space    used 2058K, committed 2240K, reserved 1048576K
}
Event: 1.323 GC heap after
{Heap after GC invocations=2 (full 0):
 garbage-first heap   total 98304K, used 10191K [0x00000000a1e00000, 0x0000000100000000)
  region size 1024K, 5 young (5120K), 5 survivors (5120K)
 Metaspace       used 14610K, committed 14976K, reserved 1114112K
  class space    used 2058K, committed 2240K, reserved 1048576K
}

Dll operation events (20 events):
Event: 0.338 Loaded shared library C:\Users\Home\.openjfx\cache\19-ea+7\amd64\api-ms-win-crt-filesystem-l1-1-0.dll
Event: 0.340 Loaded shared library C:\Users\Home\.openjfx\cache\19-ea+7\amd64\api-ms-win-crt-heap-l1-1-0.dll
Event: 0.342 Loaded shared library C:\Users\Home\.openjfx\cache\19-ea+7\amd64\api-ms-win-crt-locale-l1-1-0.dll
Event: 0.344 Loaded shared library C:\Users\Home\.openjfx\cache\19-ea+7\amd64\api-ms-win-crt-math-l1-1-0.dll
Event: 0.347 Loaded shared library C:\Users\Home\.openjfx\cache\19-ea+7\amd64\api-ms-win-crt-multibyte-l1-1-0.dll
Event: 0.349 Loaded shared library C:\Users\Home\.openjfx\cache\19-ea+7\amd64\api-ms-win-crt-private-l1-1-0.dll
Event: 0.351 Loaded shared library C:\Users\Home\.openjfx\cache\19-ea+7\amd64\api-ms-win-crt-process-l1-1-0.dll
Event: 0.353 Loaded shared library C:\Users\Home\.openjfx\cache\19-ea+7\amd64\api-ms-win-crt-runtime-l1-1-0.dll
Event: 0.354 Loaded shared library C:\Users\Home\.openjfx\cache\19-ea+7\amd64\api-ms-win-crt-stdio-l1-1-0.dll
Event: 0.357 Loaded shared library C:\Users\Home\.openjfx\cache\19-ea+7\amd64\api-ms-win-crt-string-l1-1-0.dll
Event: 0.359 Loaded shared library C:\Users\Home\.openjfx\cache\19-ea+7\amd64\api-ms-win-crt-time-l1-1-0.dll
Event: 0.361 Loaded shared library C:\Users\Home\.openjfx\cache\19-ea+7\amd64\api-ms-win-crt-utility-l1-1-0.dll
Event: 0.375 Loaded shared library C:\Users\Home\.openjfx\cache\19-ea+7\amd64\ucrtbase.dll
Event: 0.378 Loaded shared library C:\Users\Home\.openjfx\cache\19-ea+7\amd64\vcruntime140.dll
Event: 0.380 Loaded shared library C:\Users\Home\.openjfx\cache\19-ea+7\amd64\vcruntime140_1.dll
Event: 0.388 Loaded shared library C:\Users\Home\.openjfx\cache\19-ea+7\amd64\msvcp140.dll
Event: 0.422 Loaded shared library C:\Users\Home\.openjfx\cache\19-ea+7\amd64\prism_d3d.dll
Event: 0.452 Loaded shared library C:\Users\Home\.openjfx\cache\19-ea+7\amd64\glass.dll
Event: 0.569 Loaded shared library C:\Users\Home\.jdks\openjdk-19\bin\jimage.dll
Event: 0.718 Loaded shared library C:\Users\Home\.openjfx\cache\19-ea+7\amd64\javafx_font.dll

Deoptimization events (20 events):
Event: 6.962 Thread 0x0000015ed6b2e260 DEOPT PACKING pc=0x0000015ec1910732 sp=0x00000027c8bfdf10
Event: 6.962 Thread 0x0000015ed6b2e260 DEOPT UNPACKING pc=0x0000015ec8b67543 sp=0x00000027c8bfd368 mode 0
Event: 7.192 Thread 0x0000015ed6b30240 Uncommon trap: trap_request=0xffffffde fr.pc=0x0000015ec913478c relative=0x00000000000002cc
Event: 7.192 Thread 0x0000015ed6b30240 Uncommon trap: reason=class_check action=maybe_recompile pc=0x0000015ec913478c method=java.util.regex.Pattern$BmpCharPropertyGreedy.match(Ljava/util/regex/Matcher;ILjava/lang/CharSequence;)Z @ 26 c2
Event: 7.192 Thread 0x0000015ed6b30240 DEOPT PACKING pc=0x0000015ec913478c sp=0x00000027c8dfca70
Event: 7.192 Thread 0x0000015ed6b30240 DEOPT UNPACKING pc=0x0000015ec8b66da3 sp=0x00000027c8dfca28 mode 2
Event: 8.427 Thread 0x0000015ed6b2e260 DEOPT PACKING pc=0x0000015ec194d977 sp=0x00000027c8bfe190
Event: 8.427 Thread 0x0000015ed6b2e260 DEOPT UNPACKING pc=0x0000015ec8b67543 sp=0x00000027c8bfd5b0 mode 0
Event: 9.818 Thread 0x0000015ed6b2e260 DEOPT PACKING pc=0x0000015ec191c042 sp=0x00000027c8bfe150
Event: 9.818 Thread 0x0000015ed6b2e260 DEOPT UNPACKING pc=0x0000015ec8b67543 sp=0x00000027c8bfd5e0 mode 0
Event: 10.000 Thread 0x0000015ed6b30240 Uncommon trap: trap_request=0xffffff45 fr.pc=0x0000015ec914c6ec relative=0x00000000000001cc
Event: 10.000 Thread 0x0000015ed6b30240 Uncommon trap: reason=unstable_if action=reinterpret pc=0x0000015ec914c6ec method=java.lang.StringConcatHelper.prepend(J[BLjava/lang/String;)J @ 13 c2
Event: 10.000 Thread 0x0000015ed6b30240 DEOPT PACKING pc=0x0000015ec914c6ec sp=0x00000027c8dfb150
Event: 10.000 Thread 0x0000015ed6b30240 DEOPT UNPACKING pc=0x0000015ec8b66da3 sp=0x00000027c8dfb100 mode 2
Event: 11.387 Thread 0x0000015ed6b2e260 DEOPT PACKING pc=0x0000015ec1a37469 sp=0x00000027c8bfe030
Event: 11.387 Thread 0x0000015ed6b2e260 DEOPT UNPACKING pc=0x0000015ec8b67543 sp=0x00000027c8bfd468 mode 0
Event: 22.111 Thread 0x0000015ed6b30240 Uncommon trap: trap_request=0xffffff45 fr.pc=0x0000015ec91c5bc4 relative=0x0000000000000124
Event: 22.111 Thread 0x0000015ed6b30240 Uncommon trap: reason=unstable_if action=reinterpret pc=0x0000015ec91c5bc4 method=java.lang.ThreadLocal$ThreadLocalMap.getEntry(Ljava/lang/ThreadLocal;)Ljava/lang/ThreadLocal$ThreadLocalMap$Entry; @ 21 c2
Event: 22.111 Thread 0x0000015ed6b30240 DEOPT PACKING pc=0x0000015ec91c5bc4 sp=0x00000027c8dfa0e0
Event: 22.111 Thread 0x0000015ed6b30240 DEOPT UNPACKING pc=0x0000015ec8b66da3 sp=0x00000027c8df9f98 mode 2

Classes loaded (20 events):
Event: 8.215 Loading class sun/util/resources/LocaleData$LocaleDataResourceBundleProvider done
Event: 8.215 Loading class sun/util/resources/LocaleData$CommonResourceBundleProvider done
Event: 8.215 Loading class sun/text/resources/BreakIteratorInfo
Event: 8.216 Loading class sun/text/resources/BreakIteratorInfo done
Event: 8.216 Loading class sun/text/resources/BreakIteratorResources
Event: 8.216 Loading class sun/util/resources/BreakIteratorResourceBundle
Event: 8.217 Loading class sun/util/resources/BreakIteratorResourceBundle done
Event: 8.217 Loading class sun/text/resources/BreakIteratorResources done
Event: 8.218 Loading class sun/util/resources/Bundles$2
Event: 8.218 Loading class sun/util/resources/Bundles$2 done
Event: 8.221 Loading class sun/text/RuleBasedBreakIterator
Event: 8.221 Loading class sun/text/RuleBasedBreakIterator done
Event: 8.223 Loading class sun/text/CompactByteArray
Event: 8.223 Loading class sun/text/CompactByteArray done
Event: 8.224 Loading class sun/text/SupplementaryCharacterData
Event: 8.224 Loading class sun/text/SupplementaryCharacterData done
Event: 8.224 Loading class java/text/BreakIterator$BreakIteratorCache
Event: 8.224 Loading class java/text/BreakIterator$BreakIteratorCache done
Event: 44.982 Loading class jdk/internal/misc/Signal$1
Event: 44.982 Loading class jdk/internal/misc/Signal$1 done

Classes unloaded (0 events):
No events

Classes redefined (0 events):
No events

Internal exceptions (20 events):
Event: 0.935 Thread 0x0000015ed6b30240 Implicit null exception at 0x0000015ec90bcc60 to 0x0000015ec90bccfa
Event: 0.971 Thread 0x0000015ed6b30240 Implicit null exception at 0x0000015ec9108133 to 0x0000015ec910854c
Event: 0.972 Thread 0x0000015ed6b30240 Implicit null exception at 0x0000015ec9104f2c to 0x0000015ec910532c
Event: 0.974 Thread 0x0000015ed6b30240 Implicit null exception at 0x0000015ec90b6f2f to 0x0000015ec90b6fa9
Event: 1.026 Thread 0x0000015ed6b30240 Implicit null exception at 0x0000015ec90fe0f2 to 0x0000015ec90fe47c
Event: 1.077 Thread 0x0000015ed6b28260 Exception <a 'sun/nio/fs/WindowsException'{0x00000000a68d6248}> (0x00000000a68d6248) 
thrown [s\open\src\hotspot\share\prims\jni.cpp, line 517]
Event: 1.083 Thread 0x0000015ed6b30240 Exception <a 'java/lang/ClassNotFoundException'{0x00000000a67c9cc0}: com/sun/javafx/scene/control/skin/resources/controls> (0x00000000a67c9cc0) 
thrown [s\open\src\hotspot\share\prims\jni.cpp, line 536]
Event: 1.084 Thread 0x0000015ed6b30240 Exception <a 'java/lang/ClassNotFoundException'{0x00000000a67d7a98}: com/sun/javafx/scene/control/skin/resources/controls_ru> (0x00000000a67d7a98) 
thrown [s\open\src\hotspot\share\prims\jni.cpp, line 536]
Event: 1.084 Thread 0x0000015ed6b30240 Exception <a 'java/lang/ClassNotFoundException'{0x00000000a67d8a40}: com/sun/javafx/scene/control/skin/resources/controls_ru_RU> (0x00000000a67d8a40) 
thrown [s\open\src\hotspot\share\prims\jni.cpp, line 536]
Event: 1.127 Thread 0x0000015ed6b30240 Exception <a 'java/lang/NoSuchMethodError'{0x00000000a628fbe8}: 'void java.lang.invoke.DirectMethodHandle$Holder.invokeSpecial(java.lang.Object, java.lang.Object, java.lang.Object, java.lang.Object, java.lang.Object, java.lang.Object)'> (0x00000000a628fbe8) 
thrown [s\open\src\hotspot\share\interpreter\linkResolver.cpp, line 774]
Event: 1.129 Thread 0x0000015ed6b30240 Exception <a 'java/lang/NoSuchMethodError'{0x00000000a62b0318}: 'java.lang.Object java.lang.invoke.DirectMethodHandle$Holder.invokeInterface(java.lang.Object, java.lang.Object, java.lang.Object)'> (0x00000000a62b0318) 
thrown [s\open\src\hotspot\share\interpreter\linkResolver.cpp, line 774]
Event: 1.130 Thread 0x0000015ed6b30240 Exception <a 'java/lang/IncompatibleClassChangeError'{0x00000000a62b3ca8}: Found class java.lang.Object, but interface was expected> (0x00000000a62b3ca8) 
thrown [s\open\src\hotspot\share\interpreter\linkResolver.cpp, line 841]
Event: 1.200 Thread 0x0000015ed6b30240 Exception <a 'java/lang/NoSuchMethodError'{0x00000000a5d3bb60}: 'int java.lang.invoke.DirectMethodHandle$Holder.invokeSpecial(java.lang.Object, java.lang.Object, int)'> (0x00000000a5d3bb60) 
thrown [s\open\src\hotspot\share\interpreter\linkResolver.cpp, line 774]
Event: 1.208 Thread 0x0000015ed6b30240 Exception <a 'java/lang/NoSuchMethodError'{0x00000000a5d6bbe8}: 'java.lang.Object java.lang.invoke.DirectMethodHandle$Holder.newInvokeSpecial(java.lang.Object, java.lang.Object, int)'> (0x00000000a5d6bbe8) 
thrown [s\open\src\hotspot\share\interpreter\linkResolver.cpp, line 774]
Event: 1.232 Thread 0x0000015ed6b2e260 Exception <a 'java/lang/NoSuchMethodError'{0x00000000a5c19bb0}: 'int java.lang.invoke.DirectMethodHandle$Holder.invokeStaticInit(java.lang.Object, java.lang.Object)'> (0x00000000a5c19bb0) 
thrown [s\open\src\hotspot\share\interpreter\linkResolver.cpp, line 774]
Event: 1.243 Thread 0x0000015ed6b30240 Exception <a 'java/lang/NoSuchMethodError'{0x00000000a5c51dc0}: 'long java.lang.invoke.DirectMethodHandle$Holder.invokeStatic(java.lang.Object, java.lang.Object, java.lang.Object)'> (0x00000000a5c51dc0) 
thrown [s\open\src\hotspot\share\interpreter\linkResolver.cpp, line 774]
Event: 1.243 Thread 0x0000015ed6b30240 Exception <a 'java/lang/NoSuchMethodError'{0x00000000a5c55438}: 'long java.lang.invoke.DirectMethodHandle$Holder.invokeStaticInit(java.lang.Object, java.lang.Object, java.lang.Object)'> (0x00000000a5c55438) 
thrown [s\open\src\hotspot\share\interpreter\linkResolver.cpp, line 774]
Event: 1.251 Thread 0x0000015ed6b30240 Exception <a 'java/lang/NoSuchMethodError'{0x00000000a5c6d7e0}: 'java.lang.Object java.lang.invoke.DirectMethodHandle$Holder.newInvokeSpecial(java.lang.Object, java.lang.Object, long)'> (0x00000000a5c6d7e0) 
thrown [s\open\src\hotspot\share\interpreter\linkResolver.cpp, line 774]
Event: 1.252 Thread 0x0000015ed6b30240 Exception <a 'java/lang/NoSuchMethodError'{0x00000000a5c71368}: 'java.lang.Object java.lang.invoke.Invokers$Holder.linkToTargetMethod(java.lang.Object, long, java.lang.Object)'> (0x00000000a5c71368) 
thrown [s\open\src\hotspot\share\interpreter\linkResolver.cpp, line 774]
Event: 22.110 Thread 0x0000015ed6b30240 Implicit null exception at 0x0000015ec91c5b14 to 0x0000015ec91c5ba8

VM Operations (20 events):
Event: 18.253 Executing VM operation: Cleanup done
Event: 20.253 Executing VM operation: Cleanup
Event: 20.253 Executing VM operation: Cleanup done
Event: 21.254 Executing VM operation: Cleanup
Event: 21.254 Executing VM operation: Cleanup done
Event: 22.255 Executing VM operation: Cleanup
Event: 22.255 Executing VM operation: Cleanup done
Event: 23.255 Executing VM operation: Cleanup
Event: 23.255 Executing VM operation: Cleanup done
Event: 27.258 Executing VM operation: Cleanup
Event: 27.258 Executing VM operation: Cleanup done
Event: 34.260 Executing VM operation: Cleanup
Event: 34.260 Executing VM operation: Cleanup done
Event: 36.261 Executing VM operation: Cleanup
Event: 36.262 Executing VM operation: Cleanup done
Event: 41.264 Executing VM operation: Cleanup
Event: 41.264 Executing VM operation: Cleanup done
Event: 42.264 Executing VM operation: Cleanup
Event: 42.264 Executing VM operation: Cleanup done
Event: 44.984 Executing VM operation: Exit

Events (20 events):
Event: 0.176 Thread 0x0000015ed6b2fcf0 Thread added: 0x0000015ed6b2fcf0
Event: 0.414 Thread 0x0000015ed6b2e260 Thread added: 0x0000015ed6b2e260
Event: 0.453 Thread 0x0000015ed6b2ed00 Thread added: 0x0000015ed6b2ed00
Event: 0.456 Thread 0x0000015ed6b30240 Thread added: 0x0000015ed6b30240
Event: 0.501 Thread 0x0000015edaddaab0 Thread exited: 0x0000015edaddaab0
Event: 0.501 Thread 0x0000015edaef4010 Thread exited: 0x0000015edaef4010
Event: 0.537 Thread 0x0000015ed6b31230 Thread added: 0x0000015ed6b31230
Event: 0.538 Thread 0x0000015edbcc1e50 Thread added: 0x0000015edbcc1e50
Event: 0.587 Thread 0x0000015edbe60010 Thread added: 0x0000015edbe60010
Event: 1.139 Thread 0x0000015edbcbe930 Thread added: 0x0000015edbcbe930
Event: 1.272 Thread 0x0000015edbcc23a0 Thread added: 0x0000015edbcc23a0
Event: 1.464 Thread 0x0000015edbe60010 Thread exited: 0x0000015edbe60010
Event: 7.232 Thread 0x0000015edb653d20 Thread added: 0x0000015edb653d20
Event: 7.563 Thread 0x0000015edb653d20 Thread exited: 0x0000015edb653d20
Event: 44.982 Thread 0x0000015edbcbcea0 Thread added: 0x0000015edbcbcea0
Event: 44.982 Thread 0x0000015edbcbc400 Thread added: 0x0000015edbcbc400
Event: 44.983 Thread 0x0000015edbcbd3f0 Thread added: 0x0000015edbcbd3f0
Event: 44.983 Thread 0x0000015edbcbd3f0 Thread exited: 0x0000015edbcbd3f0
Event: 44.984 Thread 0x0000015edbcbc400 Thread exited: 0x0000015edbcbc400
Event: 44.984 Thread 0x0000015ed6b26720 Thread exited: 0x0000015ed6b26720


Dynamic libraries:
0x00007ff7747f0000 - 0x00007ff7747fe000 	C:\Users\Home\.jdks\openjdk-19\bin\java.exe
0x00007ffb4fce0000 - 0x00007ffb4fece000 	C:\Windows\SYSTEM32\ntdll.dll
0x00007ffb4fa00000 - 0x00007ffb4fab3000 	C:\Windows\System32\KERNEL32.DLL
0x00007ffb4c740000 - 0x00007ffb4c9dd000 	C:\Windows\System32\KERNELBASE.dll
0x00007ffb4c640000 - 0x00007ffb4c73a000 	C:\Windows\System32\ucrtbase.dll
0x00007ffb404f0000 - 0x00007ffb4050b000 	C:\Users\Home\.jdks\openjdk-19\bin\VCRUNTIME140.dll
0x00007ffb45ae0000 - 0x00007ffb45af7000 	C:\Users\Home\.jdks\openjdk-19\bin\jli.dll
0x00007ffb4ef40000 - 0x00007ffb4f0d8000 	C:\Windows\System32\USER32.dll
0x00007ffb355b0000 - 0x00007ffb35829000 	C:\Windows\WinSxS\amd64_microsoft.windows.common-controls_6595b64144ccf1df_6.0.17763.3532_none_de70b8e0534bb89d\COMCTL32.dll
0x00007ffb4f850000 - 0x00007ffb4f8ee000 	C:\Windows\System32\msvcrt.dll
0x00007ffb4c9e0000 - 0x00007ffb4ca00000 	C:\Windows\System32\win32u.dll
0x00007ffb4e930000 - 0x00007ffb4ec5b000 	C:\Windows\System32\combase.dll
0x00007ffb4f6f0000 - 0x00007ffb4f719000 	C:\Windows\System32\GDI32.dll
0x00007ffb4f0e0000 - 0x00007ffb4f1fd000 	C:\Windows\System32\RPCRT4.dll
0x00007ffb4ca90000 - 0x00007ffb4cc30000 	C:\Windows\System32\gdi32full.dll
0x00007ffb4bdc0000 - 0x00007ffb4be60000 	C:\Windows\System32\msvcp_win.dll
0x00007ffb4c5b0000 - 0x00007ffb4c632000 	C:\Windows\System32\bcryptPrimitives.dll
0x00007ffb4ef10000 - 0x00007ffb4ef3e000 	C:\Windows\System32\IMM32.DLL
0x00007ffb48370000 - 0x00007ffb4837c000 	C:\Users\Home\.jdks\openjdk-19\bin\vcruntime140_1.dll
0x00007ffb1d2a0000 - 0x00007ffb1d32e000 	C:\Users\Home\.jdks\openjdk-19\bin\msvcp140.dll
0x00007ffaf2da0000 - 0x00007ffaf3a60000 	C:\Users\Home\.jdks\openjdk-19\bin\server\jvm.dll
0x00007ffb4ee60000 - 0x00007ffb4ef07000 	C:\Windows\System32\ADVAPI32.dll
0x00007ffb4f720000 - 0x00007ffb4f7bf000 	C:\Windows\System32\sechost.dll
0x00007ffb48380000 - 0x00007ffb48389000 	C:\Windows\SYSTEM32\WSOCK32.dll
0x00007ffb3d400000 - 0x00007ffb3d424000 	C:\Windows\SYSTEM32\WINMM.dll
0x00007ffb47180000 - 0x00007ffb4718a000 	C:\Windows\SYSTEM32\VERSION.dll
0x00007ffb4f200000 - 0x00007ffb4f26d000 	C:\Windows\System32\WS2_32.dll
0x00007ffb3bee0000 - 0x00007ffb3bf0d000 	C:\Windows\SYSTEM32\WINMMBASE.dll
0x00007ffb4bd70000 - 0x00007ffb4bdba000 	C:\Windows\System32\cfgmgr32.dll
0x00007ffb4bd00000 - 0x00007ffb4bd11000 	C:\Windows\System32\kernel.appcore.dll
0x00007ffb45a80000 - 0x00007ffb45a8a000 	C:\Users\Home\.jdks\openjdk-19\bin\jimage.dll
0x00007ffb4a610000 - 0x00007ffb4a7fd000 	C:\Windows\SYSTEM32\DBGHELP.DLL
0x00007ffb42a10000 - 0x00007ffb42a3a000 	C:\Windows\SYSTEM32\dbgcore.DLL
0x00007ffb38960000 - 0x00007ffb3896e000 	C:\Users\Home\.jdks\openjdk-19\bin\instrument.dll
0x00007ffb3ed50000 - 0x00007ffb3ed76000 	C:\Users\Home\.jdks\openjdk-19\bin\java.dll
0x00007ffb1d1c0000 - 0x00007ffb1d297000 	C:\Users\Home\.jdks\openjdk-19\bin\jsvml.dll
0x00007ffb4d250000 - 0x00007ffb4e746000 	C:\Windows\System32\SHELL32.dll
0x00007ffb4e750000 - 0x00007ffb4e7f7000 	C:\Windows\System32\shcore.dll
0x00007ffb4be60000 - 0x00007ffb4c5a9000 	C:\Windows\System32\windows.storage.dll
0x00007ffb4bd20000 - 0x00007ffb4bd43000 	C:\Windows\System32\profapi.dll
0x00007ffb4bca0000 - 0x00007ffb4bcfd000 	C:\Windows\System32\powrprof.dll
0x00007ffb4ede0000 - 0x00007ffb4ee32000 	C:\Windows\System32\shlwapi.dll
0x00007ffb4ca00000 - 0x00007ffb4ca17000 	C:\Windows\System32\cryptsp.dll
0x00007ffb3ece0000 - 0x00007ffb3ecf3000 	C:\Users\Home\.jdks\openjdk-19\bin\net.dll
0x00007ffb473c0000 - 0x00007ffb474bf000 	C:\Windows\SYSTEM32\WINHTTP.dll
0x00007ffb4b4f0000 - 0x00007ffb4b557000 	C:\Windows\system32\mswsock.dll
0x00007ffb3ecc0000 - 0x00007ffb3ecd6000 	C:\Users\Home\.jdks\openjdk-19\bin\nio.dll
0x00007ffb3cf30000 - 0x00007ffb3cf48000 	C:\Users\Home\.jdks\openjdk-19\bin\zip.dll
0x00007ffb09540000 - 0x00007ffb0955a000 	C:\Program Files\JetBrains\IntelliJ IDEA 2022.2.2\bin\breakgen64.dll
0x0000015eb95f0000 - 0x0000015eb95f3000 	C:\Users\Home\.openjfx\cache\19-ea+7\amd64\api-ms-win-core-console-l1-1-0.dll
0x0000015eb9600000 - 0x0000015eb9603000 	C:\Users\Home\.openjfx\cache\19-ea+7\amd64\api-ms-win-core-console-l1-2-0.dll
0x0000015eb9610000 - 0x0000015eb9613000 	C:\Users\Home\.openjfx\cache\19-ea+7\amd64\api-ms-win-core-datetime-l1-1-0.dll
0x0000015eb9620000 - 0x0000015eb9623000 	C:\Users\Home\.openjfx\cache\19-ea+7\amd64\api-ms-win-core-debug-l1-1-0.dll
0x0000015eb9630000 - 0x0000015eb9633000 	C:\Users\Home\.openjfx\cache\19-ea+7\amd64\api-ms-win-core-errorhandling-l1-1-0.dll
0x0000015ed6ba0000 - 0x0000015ed6ba4000 	C:\Users\Home\.openjfx\cache\19-ea+7\amd64\api-ms-win-core-file-l1-1-0.dll
0x0000015ed6bb0000 - 0x0000015ed6bb3000 	C:\Users\Home\.openjfx\cache\19-ea+7\amd64\api-ms-win-core-file-l1-2-0.dll
0x0000015ed6bc0000 - 0x0000015ed6bc3000 	C:\Users\Home\.openjfx\cache\19-ea+7\amd64\api-ms-win-core-file-l2-1-0.dll
0x0000015ed6bd0000 - 0x0000015ed6bd3000 	C:\Users\Home\.openjfx\cache\19-ea+7\amd64\api-ms-win-core-handle-l1-1-0.dll
0x0000015ed6be0000 - 0x0000015ed6be3000 	C:\Users\Home\.openjfx\cache\19-ea+7\amd64\api-ms-win-core-heap-l1-1-0.dll
0x0000015ed6bf0000 - 0x0000015ed6bf3000 	C:\Users\Home\.openjfx\cache\19-ea+7\amd64\api-ms-win-core-interlocked-l1-1-0.dll
0x0000015edc8d0000 - 0x0000015edc8d3000 	C:\Users\Home\.openjfx\cache\19-ea+7\amd64\api-ms-win-core-libraryloader-l1-1-0.dll
0x0000015edc8e0000 - 0x0000015edc8e3000 	C:\Users\Home\.openjfx\cache\19-ea+7\amd64\api-ms-win-core-localization-l1-2-0.dll
0x0000015edc8f0000 - 0x0000015edc8f3000 	C:\Users\Home\.openjfx\cache\19-ea+7\amd64\api-ms-win-core-memory-l1-1-0.dll
0x0000015edc900000 - 0x0000015edc903000 	C:\Users\Home\.openjfx\cache\19-ea+7\amd64\api-ms-win-core-namedpipe-l1-1-0.dll
0x0000015edc910000 - 0x0000015edc913000 	C:\Users\Home\.openjfx\cache\19-ea+7\amd64\api-ms-win-core-processenvironment-l1-1-0.dll
0x0000015edc920000 - 0x0000015edc923000 	C:\Users\Home\.openjfx\cache\19-ea+7\amd64\api-ms-win-core-processthreads-l1-1-0.dll
0x0000015edc930000 - 0x0000015edc933000 	C:\Users\Home\.openjfx\cache\19-ea+7\amd64\api-ms-win-core-processthreads-l1-1-1.dll
0x0000015edc940000 - 0x0000015edc943000 	C:\Users\Home\.openjfx\cache\19-ea+7\amd64\api-ms-win-core-profile-l1-1-0.dll
0x0000015edc950000 - 0x0000015edc953000 	C:\Users\Home\.openjfx\cache\19-ea+7\amd64\api-ms-win-core-rtlsupport-l1-1-0.dll
0x0000015edc960000 - 0x0000015edc963000 	C:\Users\Home\.openjfx\cache\19-ea+7\amd64\api-ms-win-core-string-l1-1-0.dll
0x0000015edc970000 - 0x0000015edc973000 	C:\Users\Home\.openjfx\cache\19-ea+7\amd64\api-ms-win-core-synch-l1-1-0.dll
0x0000015edc980000 - 0x0000015edc983000 	C:\Users\Home\.openjfx\cache\19-ea+7\amd64\api-ms-win-core-synch-l1-2-0.dll
0x0000015edc990000 - 0x0000015edc993000 	C:\Users\Home\.openjfx\cache\19-ea+7\amd64\api-ms-win-core-sysinfo-l1-1-0.dll
0x0000015edc9a0000 - 0x0000015edc9a3000 	C:\Users\Home\.openjfx\cache\19-ea+7\amd64\api-ms-win-core-timezone-l1-1-0.dll
0x0000015edc9b0000 - 0x0000015edc9b3000 	C:\Users\Home\.openjfx\cache\19-ea+7\amd64\api-ms-win-core-util-l1-1-0.dll
0x0000015edc9c0000 - 0x0000015edc9c3000 	C:\Users\Home\.openjfx\cache\19-ea+7\amd64\api-ms-win-crt-conio-l1-1-0.dll
0x0000015edc9d0000 - 0x0000015edc9d4000 	C:\Users\Home\.openjfx\cache\19-ea+7\amd64\api-ms-win-crt-convert-l1-1-0.dll
0x0000015edc9e0000 - 0x0000015edc9e3000 	C:\Users\Home\.openjfx\cache\19-ea+7\amd64\api-ms-win-crt-environment-l1-1-0.dll
0x0000015edc9f0000 - 0x0000015edc9f3000 	C:\Users\Home\.openjfx\cache\19-ea+7\amd64\api-ms-win-crt-filesystem-l1-1-0.dll
0x0000015edca00000 - 0x0000015edca03000 	C:\Users\Home\.openjfx\cache\19-ea+7\amd64\api-ms-win-crt-heap-l1-1-0.dll
0x0000015edca10000 - 0x0000015edca13000 	C:\Users\Home\.openjfx\cache\19-ea+7\amd64\api-ms-win-crt-locale-l1-1-0.dll
0x0000015edca20000 - 0x0000015edca25000 	C:\Users\Home\.openjfx\cache\19-ea+7\amd64\api-ms-win-crt-math-l1-1-0.dll
0x0000015edca30000 - 0x0000015edca35000 	C:\Users\Home\.openjfx\cache\19-ea+7\amd64\api-ms-win-crt-multibyte-l1-1-0.dll
0x0000015edca40000 - 0x0000015edca50000 	C:\Users\Home\.openjfx\cache\19-ea+7\amd64\api-ms-win-crt-private-l1-1-0.dll
0x0000015edca50000 - 0x0000015edca53000 	C:\Users\Home\.openjfx\cache\19-ea+7\amd64\api-ms-win-crt-process-l1-1-0.dll
0x0000015edca60000 - 0x0000015edca64000 	C:\Users\Home\.openjfx\cache\19-ea+7\amd64\api-ms-win-crt-runtime-l1-1-0.dll
0x0000015edca70000 - 0x0000015edca74000 	C:\Users\Home\.openjfx\cache\19-ea+7\amd64\api-ms-win-crt-stdio-l1-1-0.dll
0x0000015edca80000 - 0x0000015edca84000 	C:\Users\Home\.openjfx\cache\19-ea+7\amd64\api-ms-win-crt-string-l1-1-0.dll
0x0000015edca90000 - 0x0000015edca93000 	C:\Users\Home\.openjfx\cache\19-ea+7\amd64\api-ms-win-crt-time-l1-1-0.dll
0x0000015edcaa0000 - 0x0000015edcaa3000 	C:\Users\Home\.openjfx\cache\19-ea+7\amd64\api-ms-win-crt-utility-l1-1-0.dll
0x00007ffb09120000 - 0x00007ffb0921c000 	C:\Users\Home\.openjfx\cache\19-ea+7\amd64\ucrtbase.dll
0x00007ffb09520000 - 0x00007ffb0953b000 	C:\Users\Home\.openjfx\cache\19-ea+7\amd64\vcruntime140.dll
0x00007ffb35410000 - 0x00007ffb3541c000 	C:\Users\Home\.openjfx\cache\19-ea+7\amd64\vcruntime140_1.dll
0x00007ffb09090000 - 0x00007ffb0911e000 	C:\Users\Home\.openjfx\cache\19-ea+7\amd64\msvcp140.dll
0x00007ffb09060000 - 0x00007ffb0908c000 	C:\Users\Home\.openjfx\cache\19-ea+7\amd64\prism_d3d.dll
0x00007ffb44f90000 - 0x00007ffb4512d000 	C:\Windows\system32\d3d9.dll
0x00007ffb4a1e0000 - 0x00007ffb4a20e000 	C:\Windows\SYSTEM32\dwmapi.dll
0x00007ffb4cc60000 - 0x00007ffb4ce55000 	C:\Windows\System32\CRYPT32.dll
0x00007ffb4bd50000 - 0x00007ffb4bd62000 	C:\Windows\System32\MSASN1.dll
0x00007ffb49810000 - 0x00007ffb498ac000 	C:\Windows\system32\uxtheme.dll
0x00007ffb08ef0000 - 0x00007ffb09053000 	C:\Windows\System32\DriverStore\FileRepository\iigd_dch.inf_amd64_a086f01cc7be643a\igdumdim64.dll
0x00007ffadb910000 - 0x00007ffadf314000 	C:\Windows\System32\DriverStore\FileRepository\iigd_dch.inf_amd64_a086f01cc7be643a\igd9dxva64.dll
0x00007ffb4ec60000 - 0x00007ffb4edb6000 	C:\Windows\System32\ole32.dll
0x00007ffb4e800000 - 0x00007ffb4e8c4000 	C:\Windows\System32\OLEAUT32.dll
0x00007ffb4f270000 - 0x00007ffb4f6e6000 	C:\Windows\System32\SETUPAPI.dll
0x00007ffb4cc30000 - 0x00007ffb4cc56000 	C:\Windows\System32\bcrypt.dll
0x00007ffb31ae0000 - 0x00007ffb31d1f000 	C:\Windows\System32\DriverStore\FileRepository\iigd_dch.inf_amd64_a086f01cc7be643a\igdgmm64.dll
0x00007ffb08ea0000 - 0x00007ffb08ee2000 	C:\Users\Home\.openjfx\cache\19-ea+7\amd64\glass.dll
0x00007ffb4cf70000 - 0x00007ffb4d096000 	C:\Windows\System32\COMDLG32.dll
0x00007ffb4fac0000 - 0x00007ffb4fc2b000 	C:\Windows\System32\MSCTF.dll
0x00007ffb32190000 - 0x00007ffb321b7000 	C:\Windows\System32\DriverStore\FileRepository\iigd_dch.inf_amd64_a086f01cc7be643a\igdinfo64.dll
0x00007ffb2ede0000 - 0x00007ffb31a42000 	C:\Windows\System32\DriverStore\FileRepository\iigd_dch.inf_amd64_a086f01cc7be643a\igc64.dll
0x00007ffb08e80000 - 0x00007ffb08e94000 	C:\Users\Home\.openjfx\cache\19-ea+7\amd64\javafx_font.dll
0x00007ffb1ad70000 - 0x00007ffb1b077000 	C:\Windows\SYSTEM32\dwrite.dll
0x00007ffb4f8f0000 - 0x00007ffb4f999000 	C:\Windows\System32\clbcatq.dll
0x00007ffb49570000 - 0x00007ffb49728000 	C:\Windows\SYSTEM32\WindowsCodecs.dll
0x00007ffb40800000 - 0x00007ffb40856000 	C:\Windows\system32\dataexchange.dll
0x00007ffb47f80000 - 0x00007ffb481fe000 	C:\Windows\system32\d3d11.dll
0x00007ffb467b0000 - 0x00007ffb46973000 	C:\Windows\system32\dcomp.dll
0x00007ffb4a990000 - 0x00007ffb4aa52000 	C:\Windows\system32\dxgi.dll
0x00007ffb49f80000 - 0x00007ffb4a18c000 	C:\Windows\system32\twinapi.appcore.dll
0x00007ffb4a190000 - 0x00007ffb4a1b8000 	C:\Windows\system32\RMCLIENT.dll
0x00007ffb08e40000 - 0x00007ffb08e73000 	C:\Program Files\Common Files\Microsoft Shared\Ink\rtscom.dll
0x00007ffb29780000 - 0x00007ffb29813000 	C:\Windows\System32\TextInputFramework.dll
0x00007ffb46ad0000 - 0x00007ffb46bb1000 	C:\Windows\System32\CoreMessaging.dll
0x00007ffb34be0000 - 0x00007ffb34f02000 	C:\Windows\System32\CoreUIComponents.dll
0x00007ffb4ace0000 - 0x00007ffb4ad11000 	C:\Windows\SYSTEM32\ntmarta.dll
0x00007ffb48be0000 - 0x00007ffb48d31000 	C:\Windows\SYSTEM32\wintypes.dll

dbghelp: loaded successfully - version: 4.0.5 - missing functions: none
symbol engine: initialized successfully - sym options: 0x614 - pdb path: .;C:\Users\Home\.jdks\openjdk-19\bin;C:\Windows\SYSTEM32;C:\Windows\WinSxS\amd64_microsoft.windows.common-controls_6595b64144ccf1df_6.0.17763.3532_none_de70b8e0534bb89d;C:\Users\Home\.jdks\openjdk-19\bin\server;C:\Program Files\JetBrains\IntelliJ IDEA 2022.2.2\bin;C:\Users\Home\.openjfx\cache\19-ea+7\amd64;C:\Windows\System32\DriverStore\FileRepository\iigd_dch.inf_amd64_a086f01cc7be643a;C:\Program Files\Common Files\Microsoft Shared\Ink

VM Arguments:
jvm_args: -javaagent:C:\Program Files\JetBrains\IntelliJ IDEA 2022.2.2\lib\idea_rt.jar=41499:C:\Program Files\JetBrains\IntelliJ IDEA 2022.2.2\bin -Dfile.encoding=UTF-8 -Dsun.stdout.encoding=UTF-8 -Dsun.stderr.encoding=UTF-8 --module-path=D:\5семестр\курсач\kursach\target\classes;C:\Users\Home\.m2\repository\org\openjfx\javafx-graphics\19-ea+7\javafx-graphics-19-ea+7-win.jar;C:\Users\Home\.m2\repository\org\openjfx\javafx-controls\19-ea+7\javafx-controls-19-ea+7-win.jar;C:\Users\Home\.m2\repository\org\openjfx\javafx-base\19-ea+7\javafx-base-19-ea+7-win.jar;C:\Users\Home\.m2\repository\org\openjfx\javafx-fxml\19-ea+7\javafx-fxml-19-ea+7-win.jar -Djdk.module.main=com.example.kursach 
java_command: com.example.kursach/com.example.kursach.client.StartClient
java_class_path (initial): D:\mysql-connector-j-8.0.31\mysql-connector-j-8.0.31.jar;C:\Users\Home\.m2\repository\org\openjfx\javafx-controls\19-ea+7\javafx-controls-19-ea+7.jar;C:\Users\Home\.m2\repository\org\openjfx\javafx-graphics\19-ea+7\javafx-graphics-19-ea+7.jar;C:\Users\Home\.m2\repository\org\openjfx\javafx-base\19-ea+7\javafx-base-19-ea+7.jar;C:\Users\Home\.m2\repository\org\openjfx\javafx-fxml\19-ea+7\javafx-fxml-19-ea+7.jar
Launcher Type: SUN_STANDARD

[Global flags]
     intx CICompilerCount                          = 4                                         {product} {ergonomic}
     uint ConcGCThreads                            = 2                                         {product} {ergonomic}
     uint G1ConcRefinementThreads                  = 8                                         {product} {ergonomic}
   size_t G1HeapRegionSize                         = 1048576                                   {product} {ergonomic}
    uintx GCDrainStackTargetSize                   = 64                                        {product} {ergonomic}
   size_t InitialHeapSize                          = 100663296                                 {product} {ergonomic}
   size_t MarkStackSize                            = 4194304                                   {product} {ergonomic}
   size_t MaxHeapSize                              = 1579155456                                {product} {ergonomic}
   size_t MaxNewSize                               = 946864128                                 {product} {ergonomic}
   size_t MinHeapDeltaBytes                        = 1048576                                   {product} {ergonomic}
   size_t MinHeapSize                              = 8388608                                   {product} {ergonomic}
    uintx NonNMethodCodeHeapSize                   = 5839372                                {pd product} {ergonomic}
    uintx NonProfiledCodeHeapSize                  = 122909434                              {pd product} {ergonomic}
    uintx ProfiledCodeHeapSize                     = 122909434                              {pd product} {ergonomic}
    uintx ReservedCodeCacheSize                    = 251658240                              {pd product} {ergonomic}
     bool SegmentedCodeCache                       = true                                      {product} {ergonomic}
   size_t SoftMaxHeapSize                          = 1579155456                             {manageable} {ergonomic}
     bool UseCompressedClassPointers               = true                           {product lp64_product} {ergonomic}
     bool UseCompressedOops                        = true                           {product lp64_product} {ergonomic}
     bool UseG1GC                                  = true                                      {product} {ergonomic}
     bool UseLargePagesIndividualAllocation        = false                                  {pd product} {ergonomic}

Logging:
Log output configuration:
 #0: stdout all=off uptime,level,tags foldmultilines=false
 #1: stderr all=off uptime,level,tags foldmultilines=false

Environment Variables:
PATH=D:\Ruby31-x64\bin;C:\Users\Home\Desktop\4semestr\MMVP\bin;C:\Users\Home\Desktop\4semestr\MMVP\utils\bin;C:\Program Files (x86)\Atmel\AVR Tools\AVR Toolchain\bin;C:\Program Files\Common Files\Oracle\Java\javapath;C:\Windows\system32;C:\Windows;C:\Windows\System32\Wbem;C:\Windows\System32\WindowsPowerShell\v1.0\;C:\Windows\System32\OpenSSH\;C:\Program Files (x86)\ATI Technologies\ATI.ACE\Core-Static;C:\Program Files (x86)\NVIDIA Corporation\PhysX\Common;C:\Program Files (x86)\GNU Arm Embedded Toolchain\10 2021.10\bin;C:\Program Files (x86)\GNU Arm Embedded Toolchain\10 2021.10\arm-none-eabi\bin;C:\Program Files (x86)\Microsoft SQL Server\150\DTS\Binn\;C:\Program Files\Azure Data Studio\bin;C:\Program Files\Microsoft SQL Server\Client SDK\ODBC\170\Tools\Binn\;C:\Program Files (x86)\Microsoft SQL Server\150\Tools\Binn\;C:\Program Files\Microsoft SQL Server\150\Tools\Binn\;C:\Program Files\Microsoft SQL Server\150\DTS\Binn\;C:\Program Files\Git\cmd;C:\Program Files\dotnet\;D:\RaRose\common;C:\Program Files\Microsoft\Web Platform Installer\;C:\Program Files (x86)\Microsoft ASP.NET\ASP.NET Web Pages\v1.0\;C:\Program Files\Microsoft SQL Server\110\Tools\Binn\;D:\mysql-8.0.31-winx64\bin;C:\Program Files (x86)\GNU Arm Embedded Toolchain\10 2021.10\bin;C:\Users\Home\AppData\Local\Microsoft\WindowsApps;D:\Вижла\Microsoft VS Code\bin;C:\Users\Home\.dotnet\tools;C:\Program Files\Azure Data Studio\bin;C:\Users\Home\AppData\Local\atom\bin;C:\Users\Home\.dotnet\tools;C:\Program Files\JetBrains\IntelliJ IDEA 2022.2.2\bin;
USERNAME=Home
OS=Windows_NT
PROCESSOR_IDENTIFIER=Intel64 Family 6 Model 142 Stepping 10, GenuineIntel
TMP=C:\Users\Home\AppData\Local\Temp
TEMP=C:\Users\Home\AppData\Local\Temp



---------------  S Y S T E M  ---------------

OS:
 Windows 10 , 64 bit Build 17763 (10.0.17763.3287)
OS uptime: 25 days 10:33 hours

CPU: total 8 (initial active 8) (4 cores per cpu, 2 threads per core) family 6 model 142 stepping 10 microcode 0xe0, cx8, cmov, fxsr, ht, mmx, 3dnowpref, sse, sse2, sse3, ssse3, sse4.1, sse4.2, popcnt, lzcnt, tsc, tscinvbit, avx, avx2, aes, erms, clmul, bmi1, bmi2, adx, fma, vzeroupper, clflush, clflushopt, rdtscp

Memory: 4k page, system-wide physical 6022M (968M free)
TotalPageFile size 12686M (AvailPageFile size 2363M)
current process WorkingSet (physical memory assigned to process): 158M, peak: 171M
current process commit charge ("private bytes"): 247M, peak: 263M

vm_info: OpenJDK 64-Bit Server VM (19+36-2238) for windows-amd64 JRE (19+36-2238), built on 2022-08-12T20:29:01Z by "mach5one" with MS VC++ 17.1 (VS2022)

END.
